Compiling Sass/Scss Files: 
/home/erwin/kominfo/style.scss
--------------------
Generated :
/home/erwin/kominfo/style.css
/home/erwin/kominfo/style.css.map
--------------------
Watching...
--------------------
Change Detected...
style.scss
--------------------
Compilation Error
Error: property "margin" must be followed by a ':'
        on line 2 of sass/home/erwin/kominfo/homework2/style.scss
>> margin

   ^

--------------------
Watching...
--------------------
Change Detected...
style.scss
--------------------
Compilation Error
Error: style declaration must contain a value
        on line 2 of sass/home/erwin/kominfo/homework2/style.scss
>> display: ;

   -------^

--------------------
Watching...
--------------------
Change Detected...
style.scss
--------------------
Generated :
/home/erwin/kominfo/homework2/style.css
/home/erwin/kominfo/homework2/style.css.map
--------------------
Watching...
--------------------
Change Detected...
style.scss
--------------------
Generated :
/home/erwin/kominfo/homework2/style.css
/home/erwin/kominfo/homework2/style.css.map
--------------------
Watching...
--------------------
Change Detected...
style.scss
--------------------
Compilation Error
Error: style declaration must contain a value
        on line 2 of sass/home/erwin/kominfo/homework2/style.scss
>> display: ;

   -------^

--------------------
Watching...
--------------------
Change Detected...
style.scss
--------------------
Compilation Error
Error: style declaration must contain a value
        on line 2 of sass/home/erwin/kominfo/homework2/style.scss
>> display: ;

   -------^

--------------------
Watching...
--------------------
Change Detected...
style.scss
--------------------
Compilation Error
Error: Invalid CSS after "display: d": expected expression (e.g. 1px, bold), was ".;"
        on line 2 of sass/home/erwin/kominfo/homework2/style.scss
>> display: d.;

   ----------^

--------------------
Watching...
--------------------
Change Detected...
style.scss
--------------------
Compilation Error
Error: Invalid CSS after "display: d": expected expression (e.g. 1px, bold), was ".fle;"
        on line 2 of sass/home/erwin/kominfo/homework2/style.scss
>> display: d.fle;

   ----------^

--------------------
Watching...
--------------------
Change Detected...
style.scss
--------------------
Compilation Error
Error: Invalid CSS after "display: d": expected expression (e.g. 1px, bold), was ".flex;"
        on line 2 of sass/home/erwin/kominfo/homework2/style.scss
>> display: d.flex;

   ----------^

--------------------
Watching...
--------------------
Change Detected...
style.scss
--------------------
Generated :
/home/erwin/kominfo/homework2/style.css
/home/erwin/kominfo/homework2/style.css.map
--------------------
Watching...
--------------------
Change Detected...
style.scss
--------------------
Compilation Error
Error: Invalid CSS after "display:": expected expression (e.g. 1px, bold), was ".d-flex;"
        on line 2 of sass/home/erwin/kominfo/homework2/style.scss
>> display: .d-flex;

   ---------^

--------------------
Watching...
--------------------
Change Detected...
style.scss
--------------------
Compilation Error
Error: Invalid CSS after "display: jus": expected "}", was ""
        on line 2 of sass/home/erwin/kominfo/homework2/style.scss
>> display: jus
   ---------^

--------------------
Watching...
--------------------
Change Detected...
style.scss
--------------------
Compilation Error
Error: Invalid CSS after "display: justy": expected "}", was ""
        on line 2 of sass/home/erwin/kominfo/homework2/style.scss
>> display: justy
   ---------^

--------------------
Watching...
--------------------
Change Detected...
style.scss
--------------------
Compilation Error
Error: Invalid CSS after "display: just": expected "}", was ""
        on line 2 of sass/home/erwin/kominfo/homework2/style.scss
>> display: just
   ---------^

--------------------
Watching...
--------------------
Change Detected...
style.scss
--------------------
Compilation Error
Error: Invalid CSS after "display: ju": expected "}", was ""
        on line 2 of sass/home/erwin/kominfo/homework2/style.scss
>> display: ju
   ---------^

--------------------
Watching...
--------------------
Change Detected...
style.scss
--------------------
Compilation Error
Error: Invalid CSS after ".header{": expected "}", was ""
        on line 1 of sass/home/erwin/kominfo/homework2/style.scss
>> .header{

   --------^

--------------------
Watching...
--------------------
Change Detected...
style.scss
--------------------
Compilation Error
Error: Invalid CSS after ".header": expected "{", was ""
        on line 1 of sass/home/erwin/kominfo/homework2/style.scss
>> .header
   ^

--------------------
Watching...
--------------------
Change Detected...
style.scss
--------------------
Generated :
/home/erwin/kominfo/homework2/style.css
/home/erwin/kominfo/homework2/style.css.map
--------------------
Watching...
--------------------
Change Detected...
style.scss
--------------------
Compilation Error
Error: property "dis" must be followed by a ':'
        on line 2 of sass/home/erwin/kominfo/homework2/style.scss
>>     dis

   ----^

--------------------
Watching...
--------------------
Change Detected...
style.scss
--------------------
Compilation Error
Error: style declaration must contain a value
        on line 2 of sass/home/erwin/kominfo/homework2/style.scss
>>     display: ;

   -----------^

--------------------
Watching...
--------------------
Change Detected...
style.scss
--------------------
Generated :
/home/erwin/kominfo/homework2/style.css
/home/erwin/kominfo/homework2/style.css.map
--------------------
Watching...
--------------------
Change Detected...
style.scss
--------------------
Compilation Error
Error: style declaration must contain a value
        on line 2 of sass/home/erwin/kominfo/homework2/style.scss
>>     display: ;

   -----------^

--------------------
Watching...
--------------------
Change Detected...
style.scss
--------------------
Generated :
/home/erwin/kominfo/homework2/style.css
/home/erwin/kominfo/homework2/style.css.map
--------------------
Watching...
--------------------
Change Detected...
style.scss
--------------------
Generated :
/home/erwin/kominfo/homework2/style.css
/home/erwin/kominfo/homework2/style.css.map
--------------------
Watching...
--------------------
Change Detected...
style.scss
--------------------
Generated :
/home/erwin/kominfo/homework2/style.css
/home/erwin/kominfo/homework2/style.css.map
--------------------
Watching...
--------------------
Change Detected...
style.scss
--------------------
Generated :
/home/erwin/kominfo/homework2/style.css
/home/erwin/kominfo/homework2/style.css.map
--------------------
Watching...
--------------------
Change Detected...
style.scss
--------------------
Generated :
/home/erwin/kominfo/homework2/style.css
/home/erwin/kominfo/homework2/style.css.map
--------------------
Watching...
--------------------
Change Detected...
style.scss
--------------------
Generated :
/home/erwin/kominfo/homework2/style.css
/home/erwin/kominfo/homework2/style.css.map
--------------------
Watching...
--------------------
Change Detected...
style.scss
--------------------
Generated :
/home/erwin/kominfo/homework2/style.css
/home/erwin/kominfo/homework2/style.css.map
--------------------
Watching...
--------------------
Change Detected...
style.scss
--------------------
Generated :
/home/erwin/kominfo/homework2/style.css
/home/erwin/kominfo/homework2/style.css.map
--------------------
Watching...
--------------------
Change Detected...
style.scss
--------------------
Generated :
/home/erwin/kominfo/homework2/style.css
/home/erwin/kominfo/homework2/style.css.map
--------------------
Watching...
--------------------
Not Watching...
--------------------
Compiling Sass/Scss Files: 
/home/erwin/kominfo/homework2/style.scss
--------------------
Generated :
/home/erwin/kominfo/homework2/style.css
/home/erwin/kominfo/homework2/style.css.map
--------------------
Watching...
--------------------
Change Detected...
style.scss
--------------------
Generated :
/home/erwin/kominfo/homework2/style.css
/home/erwin/kominfo/homework2/style.css.map
--------------------
Watching...
--------------------
