[2021-08-15 18:08:31.170] [exthost] [info] extension host started
[2021-08-15 18:08:31.174] [exthost] [error] Error: EEXIST: file already exists, open '/home/erwin/.vscode-server/data/User/workspaceStorage/764849373eea3c9155e94af4412eddef/vscode.lock'
[2021-08-15 18:08:31.186] [exthost] [error] SyntaxError: Unexpected end of JSON input
    at JSON.parse (<anonymous>)
    at v (/home/erwin/.vscode-server/bin/379476f0e13988d90fab105c5c19e7abc8b1dea8/out/vs/server/remoteExtensionHostProcess.js:86:92641)
    at async l (/home/erwin/.vscode-server/bin/379476f0e13988d90fab105c5c19e7abc8b1dea8/out/vs/server/remoteExtensionHostProcess.js:86:92282)
    at async A._getWorkspaceStorageURI (/home/erwin/.vscode-server/bin/379476f0e13988d90fab105c5c19e7abc8b1dea8/out/vs/server/remoteExtensionHostProcess.js:86:90927)
    at async A._getOrCreateWorkspaceStoragePath (/home/erwin/.vscode-server/bin/379476f0e13988d90fab105c5c19e7abc8b1dea8/out/vs/server/remoteExtensionHostProcess.js:86:29616)
[2021-08-15 18:08:31.186] [exthost] [info] Lock '/home/erwin/.vscode-server/data/User/workspaceStorage/764849373eea3c9155e94af4412eddef/vscode.lock': Could not acquire lock, checking if the file is stale.
[2021-08-15 18:08:31.191] [exthost] [error] SyntaxError: Unexpected end of JSON input
	at JSON.parse (<anonymous>)
	at v (/home/erwin/.vscode-server/bin/379476f0e13988d90fab105c5c19e7abc8b1dea8/out/vs/server/remoteExtensionHostProcess.js:86:92641)
	at async P (/home/erwin/.vscode-server/bin/379476f0e13988d90fab105c5c19e7abc8b1dea8/out/vs/server/remoteExtensionHostProcess.js:86:92899)
	at async A._getWorkspaceStorageURI (/home/erwin/.vscode-server/bin/379476f0e13988d90fab105c5c19e7abc8b1dea8/out/vs/server/remoteExtensionHostProcess.js:86:90927)
	at async A._getOrCreateWorkspaceStoragePath (/home/erwin/.vscode-server/bin/379476f0e13988d90fab105c5c19e7abc8b1dea8/out/vs/server/remoteExtensionHostProcess.js:86:29616)
[2021-08-15 18:08:31.191] [exthost] [info] Lock '/home/erwin/.vscode-server/data/User/workspaceStorage/764849373eea3c9155e94af4412eddef/vscode.lock': Could not read pid of lock holder.
[2021-08-15 18:08:31.191] [exthost] [info] Lock '/home/erwin/.vscode-server/data/User/workspaceStorage/764849373eea3c9155e94af4412eddef/vscode.lock': Deleting a stale lock.
[2021-08-15 18:08:31.192] [exthost] [info] Lock '/home/erwin/.vscode-server/data/User/workspaceStorage/764849373eea3c9155e94af4412eddef/vscode.lock': Lock acquired.
[2021-08-15 18:08:31.287] [exthost] [info] ExtensionService#_doActivateExtension vscode.emmet {"startup":false,"extensionId":{"value":"vscode.emmet","_lower":"vscode.emmet"},"activationEvent":"onLanguage:html"}
[2021-08-15 18:08:31.288] [exthost] [info] ExtensionService#loadCommonJSModule file:///home/erwin/.vscode-server/bin/379476f0e13988d90fab105c5c19e7abc8b1dea8/extensions/emmet/dist/node/emmetNodeMain
[2021-08-15 18:08:31.320] [exthost] [info] ExtensionService#_doActivateExtension vscode.html-language-features {"startup":false,"extensionId":{"value":"vscode.html-language-features","_lower":"vscode.html-language-features"},"activationEvent":"onLanguage:html"}
[2021-08-15 18:08:31.321] [exthost] [info] ExtensionService#loadCommonJSModule file:///home/erwin/.vscode-server/bin/379476f0e13988d90fab105c5c19e7abc8b1dea8/extensions/html-language-features/client/dist/node/htmlClientMain
[2021-08-15 18:08:31.419] [exthost] [info] ExtensionService#_doActivateExtension vscode.css-language-features {"startup":false,"extensionId":{"value":"vscode.css-language-features","_lower":"vscode.css-language-features"},"activationEvent":"onLanguage:scss"}
[2021-08-15 18:08:31.419] [exthost] [info] ExtensionService#loadCommonJSModule file:///home/erwin/.vscode-server/bin/379476f0e13988d90fab105c5c19e7abc8b1dea8/extensions/css-language-features/client/dist/node/cssClientMain
[2021-08-15 18:08:31.454] [exthost] [info] ExtensionService#_doActivateExtension ritwickdey.LiveServer {"startup":false,"extensionId":{"value":"ritwickdey.live-sass","_lower":"ritwickdey.live-sass"},"activationEvent":"onLanguage:scss"}
[2021-08-15 18:08:31.454] [exthost] [info] ExtensionService#loadCommonJSModule file:///home/erwin/.vscode-server/extensions/ritwickdey.liveserver-5.6.1/out/src/extension
[2021-08-15 18:08:32.321] [exthost] [info] ExtensionService#_doActivateExtension vscode.debug-auto-launch {"startup":true,"extensionId":{"value":"vscode.debug-auto-launch","_lower":"vscode.debug-auto-launch"},"activationEvent":"*"}
[2021-08-15 18:08:32.321] [exthost] [info] ExtensionService#loadCommonJSModule file:///home/erwin/.vscode-server/bin/379476f0e13988d90fab105c5c19e7abc8b1dea8/extensions/debug-auto-launch/dist/extension
[2021-08-15 18:08:32.326] [exthost] [info] ExtensionService#_doActivateExtension vscode.git {"startup":true,"extensionId":{"value":"vscode.github","_lower":"vscode.github"},"activationEvent":"*"}
[2021-08-15 18:08:32.326] [exthost] [info] ExtensionService#loadCommonJSModule file:///home/erwin/.vscode-server/bin/379476f0e13988d90fab105c5c19e7abc8b1dea8/extensions/git/dist/main
[2021-08-15 18:08:32.507] [exthost] [info] ExtensionService#_doActivateExtension ritwickdey.live-sass {"startup":false,"extensionId":{"value":"ritwickdey.live-sass","_lower":"ritwickdey.live-sass"},"activationEvent":"onLanguage:scss"}
[2021-08-15 18:08:32.507] [exthost] [info] ExtensionService#loadCommonJSModule file:///home/erwin/.vscode-server/extensions/ritwickdey.live-sass-3.0.0/out/src/extension
[2021-08-15 18:08:33.509] [exthost] [info] ExtensionService#_doActivateExtension vscode.github {"startup":true,"extensionId":{"value":"vscode.github","_lower":"vscode.github"},"activationEvent":"*"}
[2021-08-15 18:08:33.509] [exthost] [info] ExtensionService#loadCommonJSModule file:///home/erwin/.vscode-server/bin/379476f0e13988d90fab105c5c19e7abc8b1dea8/extensions/github/dist/extension.js
[2021-08-15 18:08:33.592] [exthost] [info] ExtensionService#_doActivateExtension ms-vscode.js-debug {"startup":false,"extensionId":{"value":"ms-vscode.js-debug","_lower":"ms-vscode.js-debug"},"activationEvent":"onCommand:extension.js-debug.clearAutoAttachVariables"}
[2021-08-15 18:08:33.592] [exthost] [info] ExtensionService#loadCommonJSModule file:///home/erwin/.vscode-server/bin/379476f0e13988d90fab105c5c19e7abc8b1dea8/extensions/ms-vscode.js-debug/src/extension.js
[2021-08-15 18:08:33.838] [exthost] [info] ExtensionService#_doActivateExtension vscode.merge-conflict {"startup":false,"extensionId":{"value":"vscode.merge-conflict","_lower":"vscode.merge-conflict"},"activationEvent":"onStartupFinished"}
[2021-08-15 18:08:33.838] [exthost] [info] ExtensionService#loadCommonJSModule file:///home/erwin/.vscode-server/bin/379476f0e13988d90fab105c5c19e7abc8b1dea8/extensions/merge-conflict/dist/mergeConflictMain
[2021-08-15 18:08:33.845] [exthost] [info] eager extensions activated
[2021-08-15 19:06:16.513] [exthost] [info] ExtensionService#_doActivateExtension vscode.configuration-editing {"startup":false,"extensionId":{"value":"vscode.configuration-editing","_lower":"vscode.configuration-editing"},"activationEvent":"onLanguage:jsonc"}
[2021-08-15 19:06:16.514] [exthost] [info] ExtensionService#loadCommonJSModule file:///home/erwin/.vscode-server/bin/379476f0e13988d90fab105c5c19e7abc8b1dea8/extensions/configuration-editing/dist/configurationEditingMain
[2021-08-15 19:06:16.532] [exthost] [info] ExtensionService#_doActivateExtension vscode.json-language-features {"startup":false,"extensionId":{"value":"vscode.json-language-features","_lower":"vscode.json-language-features"},"activationEvent":"onLanguage:jsonc"}
[2021-08-15 19:06:16.532] [exthost] [info] ExtensionService#loadCommonJSModule file:///home/erwin/.vscode-server/bin/379476f0e13988d90fab105c5c19e7abc8b1dea8/extensions/json-language-features/client/dist/node/jsonClientMain
[2021-08-15 19:06:16.676] [exthost] [info] ExtensionService#_doActivateExtension vscode.typescript-language-features {"startup":false,"extensionId":{"value":"vscode.typescript-language-features","_lower":"vscode.typescript-language-features"},"activationEvent":"onLanguage:jsonc"}
[2021-08-15 19:06:16.676] [exthost] [info] ExtensionService#loadCommonJSModule file:///home/erwin/.vscode-server/bin/379476f0e13988d90fab105c5c19e7abc8b1dea8/extensions/typescript-language-features/dist/extension
[2021-08-15 19:41:13.552] [exthost] [warning] [Decorations] CAPPING events from decorations provider vscode.git 4914
[2021-08-15 19:41:20.767] [exthost] [warning] [Decorations] CAPPING events from decorations provider vscode.git 4914
[2021-08-15 19:41:25.903] [exthost] [warning] [Decorations] CAPPING events from decorations provider vscode.git 4914
[2021-08-15 19:41:28.182] [exthost] [warning] [Decorations] CAPPING events from decorations provider vscode.git 4914
[2021-08-15 19:41:35.008] [exthost] [warning] [Decorations] CAPPING events from decorations provider vscode.git 4914
[2021-08-15 19:41:40.144] [exthost] [warning] [Decorations] CAPPING events from decorations provider vscode.git 4914
[2021-08-15 19:41:45.277] [exthost] [warning] [Decorations] CAPPING events from decorations provider vscode.git 4914
[2021-08-15 19:41:51.636] [exthost] [warning] [Decorations] CAPPING events from decorations provider vscode.git 4914
[2021-08-15 19:41:56.784] [exthost] [warning] [Decorations] CAPPING events from decorations provider vscode.git 4914
[2021-08-15 19:42:01.938] [exthost] [warning] [Decorations] CAPPING events from decorations provider vscode.git 4914
[2021-08-15 19:42:07.846] [exthost] [warning] [Decorations] CAPPING events from decorations provider vscode.git 4914
[2021-08-15 19:42:09.614] [exthost] [warning] [Decorations] CAPPING events from decorations provider vscode.git 4914
[2021-08-15 19:42:15.606] [exthost] [warning] [Decorations] CAPPING events from decorations provider vscode.git 4914
[2021-08-15 19:42:20.731] [exthost] [warning] [Decorations] CAPPING events from decorations provider vscode.git 4914
[2021-08-15 19:43:48.625] [exthost] [warning] [Decorations] CAPPING events from decorations provider vscode.git 4914
[2021-08-15 19:43:53.557] [exthost] [info] extension host terminating: received terminate message from renderer
[2021-08-15 19:43:53.558] [exthost] [info] Lock '/home/erwin/.vscode-server/data/User/workspaceStorage/764849373eea3c9155e94af4412eddef/vscode.lock': Marking the lockfile as scheduled to be released in 6000 ms.
