Compiling Sass/Scss Files: 
/home/erwin/kominfo/homework2/style.scss
--------------------
Generated :
/home/erwin/kominfo/homework2/style.css
/home/erwin/kominfo/homework2/style.css.map
--------------------
Watching...
--------------------
Change Detected...
style.scss
--------------------
Generated :
/home/erwin/kominfo/homework2/style.css
/home/erwin/kominfo/homework2/style.css.map
--------------------
Watching...
--------------------
Change Detected...
style.scss
--------------------
Generated :
/home/erwin/kominfo/homework2/style.css
/home/erwin/kominfo/homework2/style.css.map
--------------------
Watching...
--------------------
Change Detected...
style.scss
--------------------
Generated :
/home/erwin/kominfo/homework2/style.css
/home/erwin/kominfo/homework2/style.css.map
--------------------
Watching...
--------------------
Change Detected...
style.scss
--------------------
Compilation Error
Error: Invalid CSS after "    }": expected selector or at-rule, was "}"
        on line 17 of sass/home/erwin/kominfo/homework2/style.scss
>>     }

   -----^

--------------------
Watching...
--------------------
Not Watching...
--------------------
Compiling Sass/Scss Files: 
/home/erwin/kominfo/homework2/style.scss
--------------------
Compilation Error
Error: Invalid CSS after "    }": expected selector or at-rule, was "}"
        on line 17 of sass/home/erwin/kominfo/homework2/style.scss
>>     }

   -----^

--------------------
Watching...
--------------------
Change Detected...
style.scss
--------------------
Compilation Error
Error: Invalid CSS after "    }": expected selector or at-rule, was "}"
        on line 17 of sass/home/erwin/kominfo/homework2/style.scss
>>     }

   -----^

--------------------
Watching...
--------------------
Not Watching...
--------------------
Compiling Sass/Scss Files: 
/home/erwin/kominfo/homework2/style.scss
--------------------
Compilation Error
Error: Invalid CSS after "    }": expected selector or at-rule, was "}"
        on line 17 of sass/home/erwin/kominfo/homework2/style.scss
>>     }

   -----^

--------------------
Watching...
--------------------
Change Detected...
style.scss
--------------------
Compilation Error
Error: Invalid CSS after "    }": expected selector or at-rule, was "}"
        on line 17 of sass/home/erwin/kominfo/homework2/style.scss
>>     }

   -----^

--------------------
Watching...
--------------------
Change Detected...
style.scss
--------------------
Compilation Error
Error: Invalid CSS after "    }": expected selector or at-rule, was "}"
        on line 17 of sass/home/erwin/kominfo/homework2/style.scss
>>     }

   -----^

--------------------
Watching...
--------------------
Not Watching...
--------------------
Compiling Sass/Scss Files: 
/home/erwin/kominfo/homework2/style.scss
--------------------
Compilation Error
Error: Invalid CSS after "    }": expected selector or at-rule, was "}"
        on line 17 of sass/home/erwin/kominfo/homework2/style.scss
>>     }

   -----^

--------------------
Watching...
--------------------
Not Watching...
--------------------
Compiling Sass/Scss Files: 
/home/erwin/kominfo/homework2/style.scss
--------------------
Compilation Error
Error: Invalid CSS after "    }": expected selector or at-rule, was "}"
        on line 17 of sass/home/erwin/kominfo/homework2/style.scss
>>     }

   -----^

--------------------
Watching...
--------------------
Not Watching...
--------------------
Compiling Sass/Scss Files: 
/home/erwin/kominfo/homework2/style.scss
--------------------
Compilation Error
Error: Invalid CSS after "    }": expected selector or at-rule, was "}"
        on line 17 of sass/home/erwin/kominfo/homework2/style.scss
>>     }

   -----^

--------------------
Watching...
--------------------
Change Detected...
style.scss
--------------------
Generated :
/home/erwin/kominfo/homework2/style.css
/home/erwin/kominfo/homework2/style.css.map
--------------------
Watching...
--------------------
Not Watching...
--------------------
Compiling Sass/Scss Files: 
/home/erwin/kominfo/homework2/style.scss
--------------------
Generated :
/home/erwin/kominfo/homework2/style.css
/home/erwin/kominfo/homework2/style.css.map
--------------------
Watching...
--------------------
Not Watching...
--------------------
Compiling Sass/Scss Files: 
/home/erwin/kominfo/homework2/style.scss
--------------------
Generated :
/home/erwin/kominfo/homework2/style.css
/home/erwin/kominfo/homework2/style.css.map
--------------------
Watching...
--------------------
Not Watching...
--------------------
Compiling Sass/Scss Files: 
/home/erwin/kominfo/homework2/style.scss
--------------------
Generated :
/home/erwin/kominfo/homework2/style.css
/home/erwin/kominfo/homework2/style.css.map
--------------------
Watching...
--------------------
Change Detected...
style.scss
--------------------
Generated :
/home/erwin/kominfo/homework2/style.css
/home/erwin/kominfo/homework2/style.css.map
--------------------
Watching...
--------------------
