[2021-08-14 23:25:17.078] [exthost] [info] extension host started
[2021-08-14 23:25:17.085] [exthost] [error] Error: EEXIST: file already exists, open '/home/erwin/.vscode-server/data/User/workspaceStorage/764849373eea3c9155e94af4412eddef/vscode.lock'
[2021-08-14 23:25:17.112] [exthost] [error] SyntaxError: Unexpected end of JSON input
    at JSON.parse (<anonymous>)
    at v (/home/erwin/.vscode-server/bin/379476f0e13988d90fab105c5c19e7abc8b1dea8/out/vs/server/remoteExtensionHostProcess.js:86:92641)
    at async l (/home/erwin/.vscode-server/bin/379476f0e13988d90fab105c5c19e7abc8b1dea8/out/vs/server/remoteExtensionHostProcess.js:86:92282)
    at async A._getWorkspaceStorageURI (/home/erwin/.vscode-server/bin/379476f0e13988d90fab105c5c19e7abc8b1dea8/out/vs/server/remoteExtensionHostProcess.js:86:90927)
    at async A._getOrCreateWorkspaceStoragePath (/home/erwin/.vscode-server/bin/379476f0e13988d90fab105c5c19e7abc8b1dea8/out/vs/server/remoteExtensionHostProcess.js:86:29616)
[2021-08-14 23:25:17.112] [exthost] [info] Lock '/home/erwin/.vscode-server/data/User/workspaceStorage/764849373eea3c9155e94af4412eddef/vscode.lock': Could not acquire lock, checking if the file is stale.
[2021-08-14 23:25:17.127] [exthost] [info] ExtensionService#_doActivateExtension vscode.css-language-features {"startup":false,"extensionId":{"value":"vscode.css-language-features","_lower":"vscode.css-language-features"},"activationEvent":"onLanguage:scss"}
[2021-08-14 23:25:17.128] [exthost] [info] ExtensionService#loadCommonJSModule file:///home/erwin/.vscode-server/bin/379476f0e13988d90fab105c5c19e7abc8b1dea8/extensions/css-language-features/client/dist/node/cssClientMain
[2021-08-14 23:25:17.221] [exthost] [info] ExtensionService#_doActivateExtension vscode.emmet {"startup":false,"extensionId":{"value":"vscode.emmet","_lower":"vscode.emmet"},"activationEvent":"onLanguage:scss"}
[2021-08-14 23:25:17.221] [exthost] [info] ExtensionService#loadCommonJSModule file:///home/erwin/.vscode-server/bin/379476f0e13988d90fab105c5c19e7abc8b1dea8/extensions/emmet/dist/node/emmetNodeMain
[2021-08-14 23:25:17.250] [exthost] [info] ExtensionService#_doActivateExtension ritwickdey.LiveServer {"startup":false,"extensionId":{"value":"ritwickdey.live-sass","_lower":"ritwickdey.live-sass"},"activationEvent":"onLanguage:scss"}
[2021-08-14 23:25:17.251] [exthost] [info] ExtensionService#loadCommonJSModule file:///home/erwin/.vscode-server/extensions/ritwickdey.liveserver-5.6.1/out/src/extension
[2021-08-14 23:25:18.084] [exthost] [info] ExtensionService#_doActivateExtension vscode.debug-auto-launch {"startup":true,"extensionId":{"value":"vscode.debug-auto-launch","_lower":"vscode.debug-auto-launch"},"activationEvent":"*"}
[2021-08-14 23:25:18.085] [exthost] [info] ExtensionService#loadCommonJSModule file:///home/erwin/.vscode-server/bin/379476f0e13988d90fab105c5c19e7abc8b1dea8/extensions/debug-auto-launch/dist/extension
[2021-08-14 23:25:18.091] [exthost] [info] ExtensionService#_doActivateExtension vscode.git {"startup":true,"extensionId":{"value":"vscode.github","_lower":"vscode.github"},"activationEvent":"*"}
[2021-08-14 23:25:18.091] [exthost] [info] ExtensionService#loadCommonJSModule file:///home/erwin/.vscode-server/bin/379476f0e13988d90fab105c5c19e7abc8b1dea8/extensions/git/dist/main
[2021-08-14 23:25:18.198] [exthost] [error] SyntaxError: Unexpected end of JSON input
	at JSON.parse (<anonymous>)
	at v (/home/erwin/.vscode-server/bin/379476f0e13988d90fab105c5c19e7abc8b1dea8/out/vs/server/remoteExtensionHostProcess.js:86:92641)
	at async P (/home/erwin/.vscode-server/bin/379476f0e13988d90fab105c5c19e7abc8b1dea8/out/vs/server/remoteExtensionHostProcess.js:86:92899)
	at async A._getWorkspaceStorageURI (/home/erwin/.vscode-server/bin/379476f0e13988d90fab105c5c19e7abc8b1dea8/out/vs/server/remoteExtensionHostProcess.js:86:90927)
	at async A._getOrCreateWorkspaceStoragePath (/home/erwin/.vscode-server/bin/379476f0e13988d90fab105c5c19e7abc8b1dea8/out/vs/server/remoteExtensionHostProcess.js:86:29616)
[2021-08-14 23:25:18.198] [exthost] [info] Lock '/home/erwin/.vscode-server/data/User/workspaceStorage/764849373eea3c9155e94af4412eddef/vscode.lock': Could not read pid of lock holder.
[2021-08-14 23:25:18.198] [exthost] [info] Lock '/home/erwin/.vscode-server/data/User/workspaceStorage/764849373eea3c9155e94af4412eddef/vscode.lock': Deleting a stale lock.
[2021-08-14 23:25:18.202] [exthost] [info] Lock '/home/erwin/.vscode-server/data/User/workspaceStorage/764849373eea3c9155e94af4412eddef/vscode.lock': Lock acquired.
[2021-08-14 23:25:18.342] [exthost] [info] ExtensionService#_doActivateExtension ritwickdey.live-sass {"startup":false,"extensionId":{"value":"ritwickdey.live-sass","_lower":"ritwickdey.live-sass"},"activationEvent":"onLanguage:scss"}
[2021-08-14 23:25:18.342] [exthost] [info] ExtensionService#loadCommonJSModule file:///home/erwin/.vscode-server/extensions/ritwickdey.live-sass-3.0.0/out/src/extension
[2021-08-14 23:25:19.401] [exthost] [info] ExtensionService#_doActivateExtension vscode.github {"startup":true,"extensionId":{"value":"vscode.github","_lower":"vscode.github"},"activationEvent":"*"}
[2021-08-14 23:25:19.401] [exthost] [info] ExtensionService#loadCommonJSModule file:///home/erwin/.vscode-server/bin/379476f0e13988d90fab105c5c19e7abc8b1dea8/extensions/github/dist/extension.js
[2021-08-14 23:25:19.457] [exthost] [info] ExtensionService#_doActivateExtension vscode.merge-conflict {"startup":false,"extensionId":{"value":"vscode.merge-conflict","_lower":"vscode.merge-conflict"},"activationEvent":"onStartupFinished"}
[2021-08-14 23:25:19.458] [exthost] [info] ExtensionService#loadCommonJSModule file:///home/erwin/.vscode-server/bin/379476f0e13988d90fab105c5c19e7abc8b1dea8/extensions/merge-conflict/dist/mergeConflictMain
[2021-08-14 23:25:19.473] [exthost] [info] eager extensions activated
[2021-08-14 23:25:19.476] [exthost] [info] ExtensionService#_doActivateExtension ms-vscode.js-debug {"startup":false,"extensionId":{"value":"ms-vscode.js-debug","_lower":"ms-vscode.js-debug"},"activationEvent":"onCommand:extension.js-debug.clearAutoAttachVariables"}
[2021-08-14 23:25:19.476] [exthost] [info] ExtensionService#loadCommonJSModule file:///home/erwin/.vscode-server/bin/379476f0e13988d90fab105c5c19e7abc8b1dea8/extensions/ms-vscode.js-debug/src/extension.js
[2021-08-14 23:25:19.781] [exthost] [info] ExtensionService#_doActivateExtension vscode.configuration-editing {"startup":false,"extensionId":{"value":"vscode.configuration-editing","_lower":"vscode.configuration-editing"},"activationEvent":"onLanguage:json"}
[2021-08-14 23:25:19.781] [exthost] [info] ExtensionService#loadCommonJSModule file:///home/erwin/.vscode-server/bin/379476f0e13988d90fab105c5c19e7abc8b1dea8/extensions/configuration-editing/dist/configurationEditingMain
[2021-08-14 23:25:19.788] [exthost] [info] ExtensionService#_doActivateExtension vscode.extension-editing {"startup":false,"extensionId":{"value":"vscode.extension-editing","_lower":"vscode.extension-editing"},"activationEvent":"onLanguage:json"}
[2021-08-14 23:25:19.788] [exthost] [info] ExtensionService#loadCommonJSModule file:///home/erwin/.vscode-server/bin/379476f0e13988d90fab105c5c19e7abc8b1dea8/extensions/extension-editing/dist/extensionEditingMain
[2021-08-14 23:25:19.806] [exthost] [info] ExtensionService#_doActivateExtension vscode.json-language-features {"startup":false,"extensionId":{"value":"vscode.json-language-features","_lower":"vscode.json-language-features"},"activationEvent":"onLanguage:json"}
[2021-08-14 23:25:19.807] [exthost] [info] ExtensionService#loadCommonJSModule file:///home/erwin/.vscode-server/bin/379476f0e13988d90fab105c5c19e7abc8b1dea8/extensions/json-language-features/client/dist/node/jsonClientMain
[2021-08-14 23:25:19.875] [exthost] [info] ExtensionService#_doActivateExtension vscode.npm {"startup":false,"extensionId":{"value":"vscode.npm","_lower":"vscode.npm"},"activationEvent":"onLanguage:json"}
[2021-08-14 23:25:19.875] [exthost] [info] ExtensionService#loadCommonJSModule file:///home/erwin/.vscode-server/bin/379476f0e13988d90fab105c5c19e7abc8b1dea8/extensions/npm/dist/npmMain
[2021-08-14 23:25:43.871] [exthost] [info] extension host terminating: received terminate message from renderer
[2021-08-14 23:25:43.872] [exthost] [info] Lock '/home/erwin/.vscode-server/data/User/workspaceStorage/764849373eea3c9155e94af4412eddef/vscode.lock': Marking the lockfile as scheduled to be released in 6000 ms.
