[2021-08-17 09:08:04.867] [exthost] [info] extension host started
[2021-08-17 09:08:04.870] [exthost] [error] Error: EEXIST: file already exists, open '/home/erwin/.vscode-server/data/User/workspaceStorage/764849373eea3c9155e94af4412eddef/vscode.lock'
[2021-08-17 09:08:04.886] [exthost] [info] Lock '/home/erwin/.vscode-server/data/User/workspaceStorage/764849373eea3c9155e94af4412eddef/vscode.lock': Could not acquire lock, checking if the file is stale.
[2021-08-17 09:08:04.888] [exthost] [info] Lock '/home/erwin/.vscode-server/data/User/workspaceStorage/764849373eea3c9155e94af4412eddef/vscode.lock': The pid 608 appears to be gone.
[2021-08-17 09:08:04.888] [exthost] [info] Lock '/home/erwin/.vscode-server/data/User/workspaceStorage/764849373eea3c9155e94af4412eddef/vscode.lock': Deleting a stale lock.
[2021-08-17 09:08:04.891] [exthost] [info] Lock '/home/erwin/.vscode-server/data/User/workspaceStorage/764849373eea3c9155e94af4412eddef/vscode.lock': Lock acquired.
[2021-08-17 09:08:04.954] [exthost] [info] ExtensionService#_doActivateExtension vscode.css-language-features {"startup":false,"extensionId":{"value":"vscode.css-language-features","_lower":"vscode.css-language-features"},"activationEvent":"onLanguage:css"}
[2021-08-17 09:08:04.954] [exthost] [info] ExtensionService#loadCommonJSModule file:///home/erwin/.vscode-server/bin/379476f0e13988d90fab105c5c19e7abc8b1dea8/extensions/css-language-features/client/dist/node/cssClientMain
[2021-08-17 09:08:05.054] [exthost] [info] ExtensionService#_doActivateExtension vscode.emmet {"startup":false,"extensionId":{"value":"vscode.emmet","_lower":"vscode.emmet"},"activationEvent":"onLanguage:css"}
[2021-08-17 09:08:05.054] [exthost] [info] ExtensionService#loadCommonJSModule file:///home/erwin/.vscode-server/bin/379476f0e13988d90fab105c5c19e7abc8b1dea8/extensions/emmet/dist/node/emmetNodeMain
[2021-08-17 09:08:05.097] [exthost] [info] ExtensionService#_doActivateExtension vscode.debug-auto-launch {"startup":true,"extensionId":{"value":"vscode.debug-auto-launch","_lower":"vscode.debug-auto-launch"},"activationEvent":"*"}
[2021-08-17 09:08:05.097] [exthost] [info] ExtensionService#loadCommonJSModule file:///home/erwin/.vscode-server/bin/379476f0e13988d90fab105c5c19e7abc8b1dea8/extensions/debug-auto-launch/dist/extension
[2021-08-17 09:08:05.105] [exthost] [info] ExtensionService#_doActivateExtension vscode.git {"startup":true,"extensionId":{"value":"vscode.github","_lower":"vscode.github"},"activationEvent":"*"}
[2021-08-17 09:08:05.107] [exthost] [info] ExtensionService#loadCommonJSModule file:///home/erwin/.vscode-server/bin/379476f0e13988d90fab105c5c19e7abc8b1dea8/extensions/git/dist/main
[2021-08-17 09:08:05.267] [exthost] [info] ExtensionService#_doActivateExtension ritwickdey.LiveServer {"startup":true,"extensionId":{"value":"ritwickdey.LiveServer","_lower":"ritwickdey.liveserver"},"activationEvent":"*"}
[2021-08-17 09:08:05.267] [exthost] [info] ExtensionService#loadCommonJSModule file:///home/erwin/.vscode-server/extensions/ritwickdey.liveserver-5.6.1/out/src/extension
[2021-08-17 09:08:07.138] [exthost] [info] ExtensionService#_doActivateExtension vscode.github {"startup":true,"extensionId":{"value":"vscode.github","_lower":"vscode.github"},"activationEvent":"*"}
[2021-08-17 09:08:07.138] [exthost] [info] ExtensionService#loadCommonJSModule file:///home/erwin/.vscode-server/bin/379476f0e13988d90fab105c5c19e7abc8b1dea8/extensions/github/dist/extension.js
[2021-08-17 09:08:07.211] [exthost] [info] ExtensionService#_doActivateExtension ms-vscode.js-debug {"startup":false,"extensionId":{"value":"ms-vscode.js-debug","_lower":"ms-vscode.js-debug"},"activationEvent":"onCommand:extension.js-debug.clearAutoAttachVariables"}
[2021-08-17 09:08:07.212] [exthost] [info] ExtensionService#loadCommonJSModule file:///home/erwin/.vscode-server/bin/379476f0e13988d90fab105c5c19e7abc8b1dea8/extensions/ms-vscode.js-debug/src/extension.js
[2021-08-17 09:08:07.698] [exthost] [info] ExtensionService#_doActivateExtension ritwickdey.live-sass {"startup":true,"extensionId":{"value":"ritwickdey.live-sass","_lower":"ritwickdey.live-sass"},"activationEvent":"workspaceContains:**/*.s[ac]ss"}
[2021-08-17 09:08:07.699] [exthost] [info] ExtensionService#loadCommonJSModule file:///home/erwin/.vscode-server/extensions/ritwickdey.live-sass-3.0.0/out/src/extension
[2021-08-17 09:08:08.626] [exthost] [info] ExtensionService#_doActivateExtension vscode.merge-conflict {"startup":false,"extensionId":{"value":"vscode.merge-conflict","_lower":"vscode.merge-conflict"},"activationEvent":"onStartupFinished"}
[2021-08-17 09:08:08.626] [exthost] [info] ExtensionService#loadCommonJSModule file:///home/erwin/.vscode-server/bin/379476f0e13988d90fab105c5c19e7abc8b1dea8/extensions/merge-conflict/dist/mergeConflictMain
[2021-08-17 09:08:08.644] [exthost] [info] eager extensions activated
[2021-08-17 09:08:08.795] [exthost] [warning] [Decorations] CAPPING events from decorations provider vscode.git 4916
[2021-08-17 09:08:11.563] [exthost] [warning] [Decorations] CAPPING events from decorations provider vscode.git 4916
[2021-08-17 09:08:13.484] [exthost] [warning] [Decorations] CAPPING events from decorations provider vscode.git 4916
[2021-08-17 09:08:19.595] [exthost] [info] ExtensionService#_doActivateExtension vscode.html-language-features {"startup":false,"extensionId":{"value":"vscode.html-language-features","_lower":"vscode.html-language-features"},"activationEvent":"onLanguage:html"}
[2021-08-17 09:08:19.595] [exthost] [info] ExtensionService#loadCommonJSModule file:///home/erwin/.vscode-server/bin/379476f0e13988d90fab105c5c19e7abc8b1dea8/extensions/html-language-features/client/dist/node/htmlClientMain
[2021-08-17 09:08:21.369] [exthost] [warning] [Decorations] CAPPING events from decorations provider vscode.git 4916
[2021-08-17 09:08:32.326] [exthost] [warning] [Decorations] CAPPING events from decorations provider vscode.git 4916
[2021-08-17 09:08:39.220] [exthost] [warning] [Decorations] CAPPING events from decorations provider vscode.git 4916
[2021-08-17 10:53:09.670] [exthost] [warning] [Decorations] CAPPING events from decorations provider vscode.git 4916
[2021-08-17 10:53:11.496] [exthost] [warning] [Decorations] CAPPING events from decorations provider vscode.git 4916
[2021-08-17 10:58:52.408] [exthost] [warning] [Decorations] CAPPING events from decorations provider vscode.git 4916
[2021-08-17 10:58:54.348] [exthost] [warning] [Decorations] CAPPING events from decorations provider vscode.git 4916
[2021-08-17 10:58:57.556] [exthost] [warning] [Decorations] CAPPING events from decorations provider vscode.git 4916
[2021-08-17 21:12:22.497] [exthost] [warning] [Decorations] CAPPING events from decorations provider vscode.git 4916
[2021-08-17 21:12:24.393] [exthost] [warning] [Decorations] CAPPING events from decorations provider vscode.git 4916
[2021-08-17 21:12:27.623] [exthost] [warning] [Decorations] CAPPING events from decorations provider vscode.git 4916
[2021-08-17 21:12:32.738] [exthost] [warning] [Decorations] CAPPING events from decorations provider vscode.git 4916
[2021-08-17 21:12:37.858] [exthost] [warning] [Decorations] CAPPING events from decorations provider vscode.git 4916
[2021-08-17 21:12:42.985] [exthost] [warning] [Decorations] CAPPING events from decorations provider vscode.git 4916
[2021-08-17 21:13:07.933] [exthost] [warning] [Decorations] CAPPING events from decorations provider vscode.git 4916
[2021-08-17 21:13:17.453] [exthost] [warning] [Decorations] CAPPING events from decorations provider vscode.git 4916
[2021-08-17 21:14:13.180] [exthost] [warning] [Decorations] CAPPING events from decorations provider vscode.git 4916
[2021-08-17 21:14:18.298] [exthost] [warning] [Decorations] CAPPING events from decorations provider vscode.git 4916
[2021-08-17 21:14:23.418] [exthost] [warning] [Decorations] CAPPING events from decorations provider vscode.git 4916
[2021-08-17 21:14:28.532] [exthost] [warning] [Decorations] CAPPING events from decorations provider vscode.git 4916
[2021-08-17 21:14:33.671] [exthost] [warning] [Decorations] CAPPING events from decorations provider vscode.git 4916
[2021-08-17 21:14:38.797] [exthost] [warning] [Decorations] CAPPING events from decorations provider vscode.git 4916
[2021-08-17 21:14:43.918] [exthost] [warning] [Decorations] CAPPING events from decorations provider vscode.git 4916
[2021-08-17 21:14:49.041] [exthost] [warning] [Decorations] CAPPING events from decorations provider vscode.git 4916
[2021-08-17 21:14:54.163] [exthost] [warning] [Decorations] CAPPING events from decorations provider vscode.git 4916
[2021-08-17 21:14:59.281] [exthost] [warning] [Decorations] CAPPING events from decorations provider vscode.git 4916
[2021-08-17 21:15:04.410] [exthost] [warning] [Decorations] CAPPING events from decorations provider vscode.git 4916
[2021-08-17 21:15:09.537] [exthost] [warning] [Decorations] CAPPING events from decorations provider vscode.git 4916
[2021-08-17 21:16:38.869] [exthost] [warning] [Decorations] CAPPING events from decorations provider vscode.git 4916
[2021-08-17 21:16:40.763] [exthost] [warning] [Decorations] CAPPING events from decorations provider vscode.git 4916
[2021-08-17 21:16:43.994] [exthost] [warning] [Decorations] CAPPING events from decorations provider vscode.git 4916
[2021-08-17 21:16:49.123] [exthost] [warning] [Decorations] CAPPING events from decorations provider vscode.git 4916
[2021-08-17 21:16:54.250] [exthost] [warning] [Decorations] CAPPING events from decorations provider vscode.git 4916
[2021-08-17 21:16:59.376] [exthost] [warning] [Decorations] CAPPING events from decorations provider vscode.git 4916
[2021-08-17 21:17:04.510] [exthost] [warning] [Decorations] CAPPING events from decorations provider vscode.git 4916
[2021-08-17 21:17:09.647] [exthost] [warning] [Decorations] CAPPING events from decorations provider vscode.git 4916
[2021-08-17 21:17:16.389] [exthost] [warning] [Decorations] CAPPING events from decorations provider vscode.git 4916
[2021-08-17 21:17:21.531] [exthost] [warning] [Decorations] CAPPING events from decorations provider vscode.git 4916
[2021-08-17 21:17:27.307] [exthost] [warning] [Decorations] CAPPING events from decorations provider vscode.git 4916
[2021-08-17 21:17:32.424] [exthost] [warning] [Decorations] CAPPING events from decorations provider vscode.git 4916
[2021-08-17 21:17:37.542] [exthost] [warning] [Decorations] CAPPING events from decorations provider vscode.git 4916
[2021-08-17 21:17:42.676] [exthost] [warning] [Decorations] CAPPING events from decorations provider vscode.git 4916
[2021-08-17 21:17:47.803] [exthost] [warning] [Decorations] CAPPING events from decorations provider vscode.git 4916
[2021-08-17 21:17:52.932] [exthost] [warning] [Decorations] CAPPING events from decorations provider vscode.git 4916
[2021-08-17 21:17:58.066] [exthost] [warning] [Decorations] CAPPING events from decorations provider vscode.git 4916
[2021-08-17 21:18:03.185] [exthost] [warning] [Decorations] CAPPING events from decorations provider vscode.git 4916
[2021-08-17 21:18:08.306] [exthost] [warning] [Decorations] CAPPING events from decorations provider vscode.git 4916
[2021-08-17 21:18:13.534] [exthost] [warning] [Decorations] CAPPING events from decorations provider vscode.git 4916
[2021-08-17 21:18:18.652] [exthost] [warning] [Decorations] CAPPING events from decorations provider vscode.git 4916
[2021-08-17 21:18:23.779] [exthost] [warning] [Decorations] CAPPING events from decorations provider vscode.git 4916
[2021-08-17 21:18:28.909] [exthost] [warning] [Decorations] CAPPING events from decorations provider vscode.git 4916
[2021-08-17 21:18:35.615] [exthost] [warning] [Decorations] CAPPING events from decorations provider vscode.git 4916
[2021-08-17 21:18:40.742] [exthost] [warning] [Decorations] CAPPING events from decorations provider vscode.git 4916
[2021-08-17 21:18:45.871] [exthost] [warning] [Decorations] CAPPING events from decorations provider vscode.git 4916
[2021-08-17 21:18:51.006] [exthost] [warning] [Decorations] CAPPING events from decorations provider vscode.git 4916
[2021-08-17 21:18:56.143] [exthost] [warning] [Decorations] CAPPING events from decorations provider vscode.git 4916
[2021-08-17 21:19:02.874] [exthost] [warning] [Decorations] CAPPING events from decorations provider vscode.git 4916
[2021-08-17 21:19:07.997] [exthost] [warning] [Decorations] CAPPING events from decorations provider vscode.git 4916
[2021-08-17 21:19:13.125] [exthost] [warning] [Decorations] CAPPING events from decorations provider vscode.git 4916
[2021-08-17 21:19:18.255] [exthost] [warning] [Decorations] CAPPING events from decorations provider vscode.git 4916
[2021-08-17 21:19:23.374] [exthost] [warning] [Decorations] CAPPING events from decorations provider vscode.git 4916
[2021-08-17 21:19:28.504] [exthost] [warning] [Decorations] CAPPING events from decorations provider vscode.git 4916
[2021-08-17 21:19:33.634] [exthost] [warning] [Decorations] CAPPING events from decorations provider vscode.git 4916
[2021-08-17 21:19:38.769] [exthost] [warning] [Decorations] CAPPING events from decorations provider vscode.git 4916
[2021-08-17 21:19:41.315] [exthost] [warning] [Decorations] CAPPING events from decorations provider vscode.git 4916
[2021-08-17 21:19:45.035] [exthost] [warning] [Decorations] CAPPING events from decorations provider vscode.git 4916
[2021-08-17 21:19:50.171] [exthost] [warning] [Decorations] CAPPING events from decorations provider vscode.git 4916
[2021-08-17 21:19:55.298] [exthost] [warning] [Decorations] CAPPING events from decorations provider vscode.git 4916
[2021-08-17 21:20:00.420] [exthost] [warning] [Decorations] CAPPING events from decorations provider vscode.git 4916
[2021-08-17 21:20:05.549] [exthost] [warning] [Decorations] CAPPING events from decorations provider vscode.git 4916
[2021-08-17 21:20:11.267] [exthost] [warning] [Decorations] CAPPING events from decorations provider vscode.git 4916
[2021-08-17 21:20:16.420] [exthost] [warning] [Decorations] CAPPING events from decorations provider vscode.git 4916
[2021-08-17 21:20:21.559] [exthost] [warning] [Decorations] CAPPING events from decorations provider vscode.git 4916
[2021-08-17 21:20:27.245] [exthost] [warning] [Decorations] CAPPING events from decorations provider vscode.git 4916
[2021-08-17 21:20:32.362] [exthost] [warning] [Decorations] CAPPING events from decorations provider vscode.git 4916
[2021-08-17 21:20:37.489] [exthost] [warning] [Decorations] CAPPING events from decorations provider vscode.git 4916
[2021-08-17 21:20:42.609] [exthost] [warning] [Decorations] CAPPING events from decorations provider vscode.git 4916
[2021-08-17 21:20:47.733] [exthost] [warning] [Decorations] CAPPING events from decorations provider vscode.git 4916
[2021-08-17 21:20:52.858] [exthost] [warning] [Decorations] CAPPING events from decorations provider vscode.git 4916
[2021-08-17 21:20:57.976] [exthost] [warning] [Decorations] CAPPING events from decorations provider vscode.git 4916
[2021-08-17 21:21:03.093] [exthost] [warning] [Decorations] CAPPING events from decorations provider vscode.git 4916
[2021-08-17 21:21:13.741] [exthost] [warning] [Decorations] CAPPING events from decorations provider vscode.git 4916
[2021-08-17 21:21:18.864] [exthost] [warning] [Decorations] CAPPING events from decorations provider vscode.git 4916
[2021-08-17 21:21:23.987] [exthost] [warning] [Decorations] CAPPING events from decorations provider vscode.git 4916
[2021-08-17 21:21:29.145] [exthost] [warning] [Decorations] CAPPING events from decorations provider vscode.git 4916
[2021-08-17 21:21:34.278] [exthost] [warning] [Decorations] CAPPING events from decorations provider vscode.git 4916
[2021-08-17 21:21:39.397] [exthost] [warning] [Decorations] CAPPING events from decorations provider vscode.git 4916
[2021-08-17 21:21:44.520] [exthost] [warning] [Decorations] CAPPING events from decorations provider vscode.git 4916
[2021-08-17 21:21:49.640] [exthost] [warning] [Decorations] CAPPING events from decorations provider vscode.git 4916
[2021-08-17 21:21:54.758] [exthost] [warning] [Decorations] CAPPING events from decorations provider vscode.git 4916
[2021-08-17 21:21:59.888] [exthost] [warning] [Decorations] CAPPING events from decorations provider vscode.git 4916
[2021-08-17 21:22:06.560] [exthost] [warning] [Decorations] CAPPING events from decorations provider vscode.git 4916
[2021-08-17 21:22:11.682] [exthost] [warning] [Decorations] CAPPING events from decorations provider vscode.git 4916
[2021-08-17 21:22:16.803] [exthost] [warning] [Decorations] CAPPING events from decorations provider vscode.git 4916
[2021-08-17 21:22:21.969] [exthost] [warning] [Decorations] CAPPING events from decorations provider vscode.git 4916
[2021-08-17 21:22:27.094] [exthost] [warning] [Decorations] CAPPING events from decorations provider vscode.git 4916
[2021-08-17 21:22:32.212] [exthost] [warning] [Decorations] CAPPING events from decorations provider vscode.git 4916
[2021-08-17 21:22:37.329] [exthost] [warning] [Decorations] CAPPING events from decorations provider vscode.git 4916
[2021-08-17 21:22:41.879] [exthost] [warning] [Decorations] CAPPING events from decorations provider vscode.git 4916
[2021-08-17 21:22:43.589] [exthost] [warning] [Decorations] CAPPING events from decorations provider vscode.git 4916
[2021-08-17 21:22:50.287] [exthost] [warning] [Decorations] CAPPING events from decorations provider vscode.git 4916
[2021-08-17 21:22:55.434] [exthost] [warning] [Decorations] CAPPING events from decorations provider vscode.git 4916
[2021-08-17 21:23:00.569] [exthost] [warning] [Decorations] CAPPING events from decorations provider vscode.git 4916
[2021-08-17 21:23:05.690] [exthost] [warning] [Decorations] CAPPING events from decorations provider vscode.git 4916
[2021-08-17 21:23:10.811] [exthost] [warning] [Decorations] CAPPING events from decorations provider vscode.git 4916
[2021-08-17 21:23:15.934] [exthost] [warning] [Decorations] CAPPING events from decorations provider vscode.git 4916
[2021-08-17 21:23:21.053] [exthost] [warning] [Decorations] CAPPING events from decorations provider vscode.git 4916
[2021-08-17 21:23:26.177] [exthost] [warning] [Decorations] CAPPING events from decorations provider vscode.git 4916
[2021-08-17 21:23:31.316] [exthost] [warning] [Decorations] CAPPING events from decorations provider vscode.git 4916
[2021-08-17 21:23:36.435] [exthost] [warning] [Decorations] CAPPING events from decorations provider vscode.git 4916
[2021-08-17 21:23:41.557] [exthost] [warning] [Decorations] CAPPING events from decorations provider vscode.git 4916
[2021-08-17 21:23:46.683] [exthost] [warning] [Decorations] CAPPING events from decorations provider vscode.git 4916
[2021-08-17 21:23:51.811] [exthost] [warning] [Decorations] CAPPING events from decorations provider vscode.git 4916
[2021-08-17 21:23:56.926] [exthost] [warning] [Decorations] CAPPING events from decorations provider vscode.git 4916
[2021-08-17 21:24:02.044] [exthost] [warning] [Decorations] CAPPING events from decorations provider vscode.git 4916
[2021-08-17 21:24:07.215] [exthost] [warning] [Decorations] CAPPING events from decorations provider vscode.git 4916
[2021-08-17 21:24:12.333] [exthost] [warning] [Decorations] CAPPING events from decorations provider vscode.git 4916
[2021-08-17 21:24:17.451] [exthost] [warning] [Decorations] CAPPING events from decorations provider vscode.git 4916
[2021-08-17 21:24:22.575] [exthost] [warning] [Decorations] CAPPING events from decorations provider vscode.git 4916
[2021-08-17 21:24:27.704] [exthost] [warning] [Decorations] CAPPING events from decorations provider vscode.git 4916
[2021-08-17 21:24:32.825] [exthost] [warning] [Decorations] CAPPING events from decorations provider vscode.git 4916
[2021-08-17 21:24:37.949] [exthost] [warning] [Decorations] CAPPING events from decorations provider vscode.git 4916
[2021-08-17 21:24:43.677] [exthost] [warning] [Decorations] CAPPING events from decorations provider vscode.git 4916
[2021-08-17 21:24:48.801] [exthost] [warning] [Decorations] CAPPING events from decorations provider vscode.git 4916
[2021-08-17 21:24:53.928] [exthost] [warning] [Decorations] CAPPING events from decorations provider vscode.git 4916
[2021-08-17 21:24:59.059] [exthost] [warning] [Decorations] CAPPING events from decorations provider vscode.git 4916
[2021-08-17 21:25:04.194] [exthost] [warning] [Decorations] CAPPING events from decorations provider vscode.git 4916
[2021-08-17 21:25:09.329] [exthost] [warning] [Decorations] CAPPING events from decorations provider vscode.git 4916
[2021-08-17 21:25:14.466] [exthost] [warning] [Decorations] CAPPING events from decorations provider vscode.git 4916
[2021-08-17 21:25:19.591] [exthost] [warning] [Decorations] CAPPING events from decorations provider vscode.git 4916
[2021-08-17 21:25:24.714] [exthost] [warning] [Decorations] CAPPING events from decorations provider vscode.git 4916
[2021-08-17 21:25:29.843] [exthost] [warning] [Decorations] CAPPING events from decorations provider vscode.git 4916
[2021-08-17 21:25:34.976] [exthost] [warning] [Decorations] CAPPING events from decorations provider vscode.git 4916
[2021-08-17 21:25:40.097] [exthost] [warning] [Decorations] CAPPING events from decorations provider vscode.git 4916
[2021-08-17 21:25:42.403] [exthost] [warning] [Decorations] CAPPING events from decorations provider vscode.git 4916
[2021-08-17 21:25:45.230] [exthost] [warning] [Decorations] CAPPING events from decorations provider vscode.git 4916
[2021-08-17 21:25:51.268] [exthost] [warning] [Decorations] CAPPING events from decorations provider vscode.git 4916
[2021-08-17 21:25:57.168] [exthost] [warning] [Decorations] CAPPING events from decorations provider vscode.git 4917
[2021-08-17 21:26:02.288] [exthost] [warning] [Decorations] CAPPING events from decorations provider vscode.git 4917
[2021-08-17 21:26:07.994] [exthost] [warning] [Decorations] CAPPING events from decorations provider vscode.git 4917
[2021-08-17 21:26:13.129] [exthost] [warning] [Decorations] CAPPING events from decorations provider vscode.git 4917
[2021-08-17 21:26:18.247] [exthost] [warning] [Decorations] CAPPING events from decorations provider vscode.git 4917
[2021-08-17 21:26:23.374] [exthost] [warning] [Decorations] CAPPING events from decorations provider vscode.git 4917
[2021-08-17 21:26:28.535] [exthost] [warning] [Decorations] CAPPING events from decorations provider vscode.git 4917
[2021-08-17 21:26:33.707] [exthost] [warning] [Decorations] CAPPING events from decorations provider vscode.git 4917
[2021-08-17 21:26:38.834] [exthost] [warning] [Decorations] CAPPING events from decorations provider vscode.git 4917
[2021-08-17 21:26:43.954] [exthost] [warning] [Decorations] CAPPING events from decorations provider vscode.git 4917
[2021-08-17 21:26:49.075] [exthost] [warning] [Decorations] CAPPING events from decorations provider vscode.git 4917
[2021-08-17 21:26:54.197] [exthost] [warning] [Decorations] CAPPING events from decorations provider vscode.git 4917
[2021-08-17 21:26:59.331] [exthost] [warning] [Decorations] CAPPING events from decorations provider vscode.git 4917
[2021-08-17 21:28:28.825] [exthost] [warning] [Decorations] CAPPING events from decorations provider vscode.git 4917
[2021-08-17 21:28:33.954] [exthost] [warning] [Decorations] CAPPING events from decorations provider vscode.git 4917
[2021-08-17 21:28:39.076] [exthost] [warning] [Decorations] CAPPING events from decorations provider vscode.git 4917
[2021-08-17 21:28:42.921] [exthost] [warning] [Decorations] CAPPING events from decorations provider vscode.git 4917
[2021-08-17 21:28:44.639] [exthost] [warning] [Decorations] CAPPING events from decorations provider vscode.git 4917
[2021-08-17 21:28:49.779] [exthost] [warning] [Decorations] CAPPING events from decorations provider vscode.git 4917
[2021-08-17 21:28:54.902] [exthost] [warning] [Decorations] CAPPING events from decorations provider vscode.git 4917
[2021-08-17 21:29:00.044] [exthost] [warning] [Decorations] CAPPING events from decorations provider vscode.git 4917
[2021-08-17 21:29:05.865] [exthost] [warning] [Decorations] CAPPING events from decorations provider vscode.git 4917
[2021-08-17 21:29:11.567] [exthost] [warning] [Decorations] CAPPING events from decorations provider vscode.git 4917
[2021-08-17 21:29:16.732] [exthost] [warning] [Decorations] CAPPING events from decorations provider vscode.git 4917
[2021-08-17 21:29:21.876] [exthost] [warning] [Decorations] CAPPING events from decorations provider vscode.git 4917
[2021-08-17 21:29:27.006] [exthost] [warning] [Decorations] CAPPING events from decorations provider vscode.git 4917
[2021-08-17 21:29:32.140] [exthost] [warning] [Decorations] CAPPING events from decorations provider vscode.git 4917
[2021-08-17 21:29:37.285] [exthost] [warning] [Decorations] CAPPING events from decorations provider vscode.git 4917
[2021-08-17 21:29:42.412] [exthost] [warning] [Decorations] CAPPING events from decorations provider vscode.git 4917
[2021-08-17 21:29:47.537] [exthost] [warning] [Decorations] CAPPING events from decorations provider vscode.git 4917
[2021-08-17 21:29:55.266] [exthost] [warning] [Decorations] CAPPING events from decorations provider vscode.git 4917
[2021-08-17 21:30:00.965] [exthost] [warning] [Decorations] CAPPING events from decorations provider vscode.git 4917
[2021-08-17 21:30:06.090] [exthost] [warning] [Decorations] CAPPING events from decorations provider vscode.git 4917
[2021-08-17 21:30:11.214] [exthost] [warning] [Decorations] CAPPING events from decorations provider vscode.git 4917
[2021-08-17 21:30:16.342] [exthost] [warning] [Decorations] CAPPING events from decorations provider vscode.git 4917
[2021-08-17 21:30:21.471] [exthost] [warning] [Decorations] CAPPING events from decorations provider vscode.git 4917
[2021-08-17 21:30:26.614] [exthost] [warning] [Decorations] CAPPING events from decorations provider vscode.git 4917
[2021-08-17 21:30:31.748] [exthost] [warning] [Decorations] CAPPING events from decorations provider vscode.git 4917
[2021-08-17 21:30:36.879] [exthost] [warning] [Decorations] CAPPING events from decorations provider vscode.git 4917
[2021-08-17 21:30:42.016] [exthost] [warning] [Decorations] CAPPING events from decorations provider vscode.git 4917
[2021-08-17 21:30:47.146] [exthost] [warning] [Decorations] CAPPING events from decorations provider vscode.git 4917
[2021-08-17 21:30:52.267] [exthost] [warning] [Decorations] CAPPING events from decorations provider vscode.git 4917
[2021-08-17 21:30:57.409] [exthost] [warning] [Decorations] CAPPING events from decorations provider vscode.git 4917
[2021-08-17 21:31:05.224] [exthost] [warning] [Decorations] CAPPING events from decorations provider vscode.git 4917
[2021-08-17 21:31:11.949] [exthost] [warning] [Decorations] CAPPING events from decorations provider vscode.git 4917
[2021-08-17 21:31:17.077] [exthost] [warning] [Decorations] CAPPING events from decorations provider vscode.git 4917
[2021-08-17 21:31:22.206] [exthost] [warning] [Decorations] CAPPING events from decorations provider vscode.git 4917
[2021-08-17 21:31:27.341] [exthost] [warning] [Decorations] CAPPING events from decorations provider vscode.git 4917
[2021-08-17 21:31:33.083] [exthost] [warning] [Decorations] CAPPING events from decorations provider vscode.git 4917
[2021-08-17 21:31:38.427] [exthost] [warning] [Decorations] CAPPING events from decorations provider vscode.git 4917
[2021-08-17 21:31:43.430] [exthost] [warning] [Decorations] CAPPING events from decorations provider vscode.git 4917
[2021-08-17 21:31:45.096] [exthost] [warning] [Decorations] CAPPING events from decorations provider vscode.git 4917
[2021-08-17 21:31:51.758] [exthost] [warning] [Decorations] CAPPING events from decorations provider vscode.git 4917
[2021-08-17 21:31:56.881] [exthost] [warning] [Decorations] CAPPING events from decorations provider vscode.git 4917
[2021-08-17 21:32:02.003] [exthost] [warning] [Decorations] CAPPING events from decorations provider vscode.git 4917
[2021-08-17 21:32:07.131] [exthost] [warning] [Decorations] CAPPING events from decorations provider vscode.git 4917
[2021-08-17 21:32:12.260] [exthost] [warning] [Decorations] CAPPING events from decorations provider vscode.git 4917
[2021-08-17 21:32:17.400] [exthost] [warning] [Decorations] CAPPING events from decorations provider vscode.git 4917
[2021-08-17 21:32:22.581] [exthost] [warning] [Decorations] CAPPING events from decorations provider vscode.git 4917
[2021-08-17 21:32:28.360] [exthost] [warning] [Decorations] CAPPING events from decorations provider vscode.git 4917
[2021-08-17 21:32:33.527] [exthost] [warning] [Decorations] CAPPING events from decorations provider vscode.git 4917
[2021-08-17 21:32:38.650] [exthost] [warning] [Decorations] CAPPING events from decorations provider vscode.git 4917
[2021-08-17 21:32:43.782] [exthost] [warning] [Decorations] CAPPING events from decorations provider vscode.git 4917
[2021-08-17 21:32:48.919] [exthost] [warning] [Decorations] CAPPING events from decorations provider vscode.git 4917
[2021-08-17 21:32:54.041] [exthost] [warning] [Decorations] CAPPING events from decorations provider vscode.git 4917
[2021-08-17 21:32:59.165] [exthost] [warning] [Decorations] CAPPING events from decorations provider vscode.git 4917
[2021-08-17 21:33:04.289] [exthost] [warning] [Decorations] CAPPING events from decorations provider vscode.git 4917
[2021-08-17 21:33:09.414] [exthost] [warning] [Decorations] CAPPING events from decorations provider vscode.git 4917
[2021-08-17 21:33:14.547] [exthost] [warning] [Decorations] CAPPING events from decorations provider vscode.git 4917
[2021-08-17 21:33:19.670] [exthost] [warning] [Decorations] CAPPING events from decorations provider vscode.git 4917
[2021-08-17 21:33:24.793] [exthost] [warning] [Decorations] CAPPING events from decorations provider vscode.git 4917
[2021-08-17 21:33:29.913] [exthost] [warning] [Decorations] CAPPING events from decorations provider vscode.git 4917
[2021-08-17 21:33:35.038] [exthost] [warning] [Decorations] CAPPING events from decorations provider vscode.git 4917
[2021-08-17 21:33:40.162] [exthost] [warning] [Decorations] CAPPING events from decorations provider vscode.git 4917
[2021-08-17 21:33:45.285] [exthost] [warning] [Decorations] CAPPING events from decorations provider vscode.git 4917
[2021-08-17 21:33:50.406] [exthost] [warning] [Decorations] CAPPING events from decorations provider vscode.git 4917
[2021-08-17 21:33:55.531] [exthost] [warning] [Decorations] CAPPING events from decorations provider vscode.git 4917
[2021-08-17 21:34:00.657] [exthost] [warning] [Decorations] CAPPING events from decorations provider vscode.git 4917
[2021-08-17 21:34:05.781] [exthost] [warning] [Decorations] CAPPING events from decorations provider vscode.git 4917
[2021-08-17 21:34:10.905] [exthost] [warning] [Decorations] CAPPING events from decorations provider vscode.git 4917
[2021-08-17 21:34:16.031] [exthost] [warning] [Decorations] CAPPING events from decorations provider vscode.git 4917
[2021-08-17 21:34:21.154] [exthost] [warning] [Decorations] CAPPING events from decorations provider vscode.git 4917
[2021-08-17 21:34:26.283] [exthost] [warning] [Decorations] CAPPING events from decorations provider vscode.git 4917
[2021-08-17 21:34:31.409] [exthost] [warning] [Decorations] CAPPING events from decorations provider vscode.git 4917
[2021-08-17 21:34:36.546] [exthost] [warning] [Decorations] CAPPING events from decorations provider vscode.git 4917
[2021-08-17 21:34:41.688] [exthost] [warning] [Decorations] CAPPING events from decorations provider vscode.git 4917
[2021-08-17 21:34:44.408] [exthost] [warning] [Decorations] CAPPING events from decorations provider vscode.git 4917
[2021-08-17 21:34:46.815] [exthost] [warning] [Decorations] CAPPING events from decorations provider vscode.git 4917
[2021-08-17 21:34:51.944] [exthost] [warning] [Decorations] CAPPING events from decorations provider vscode.git 4917
[2021-08-17 21:34:57.064] [exthost] [warning] [Decorations] CAPPING events from decorations provider vscode.git 4917
[2021-08-17 21:35:02.196] [exthost] [warning] [Decorations] CAPPING events from decorations provider vscode.git 4917
[2021-08-17 21:35:07.319] [exthost] [warning] [Decorations] CAPPING events from decorations provider vscode.git 4917
[2021-08-17 21:35:12.489] [exthost] [warning] [Decorations] CAPPING events from decorations provider vscode.git 4917
[2021-08-17 21:35:19.317] [exthost] [warning] [Decorations] CAPPING events from decorations provider vscode.git 4917
[2021-08-17 21:35:24.485] [exthost] [warning] [Decorations] CAPPING events from decorations provider vscode.git 4917
[2021-08-17 21:35:30.221] [exthost] [warning] [Decorations] CAPPING events from decorations provider vscode.git 4917
[2021-08-17 21:35:35.348] [exthost] [warning] [Decorations] CAPPING events from decorations provider vscode.git 4917
[2021-08-17 21:35:40.530] [exthost] [warning] [Decorations] CAPPING events from decorations provider vscode.git 4917
[2021-08-17 21:35:45.653] [exthost] [warning] [Decorations] CAPPING events from decorations provider vscode.git 4917
[2021-08-17 21:35:50.778] [exthost] [warning] [Decorations] CAPPING events from decorations provider vscode.git 4917
[2021-08-17 21:35:57.477] [exthost] [warning] [Decorations] CAPPING events from decorations provider vscode.git 4917
[2021-08-17 21:36:14.316] [exthost] [warning] [Decorations] CAPPING events from decorations provider vscode.git 4917
[2021-08-17 21:36:19.494] [exthost] [warning] [Decorations] CAPPING events from decorations provider vscode.git 4917
[2021-08-17 21:36:24.628] [exthost] [warning] [Decorations] CAPPING events from decorations provider vscode.git 4917
[2021-08-17 21:36:29.791] [exthost] [warning] [Decorations] CAPPING events from decorations provider vscode.git 4917
[2021-08-17 21:36:34.917] [exthost] [warning] [Decorations] CAPPING events from decorations provider vscode.git 4917
[2021-08-17 21:36:40.089] [exthost] [warning] [Decorations] CAPPING events from decorations provider vscode.git 4917
[2021-08-17 21:36:45.218] [exthost] [warning] [Decorations] CAPPING events from decorations provider vscode.git 4917
[2021-08-17 21:36:50.354] [exthost] [warning] [Decorations] CAPPING events from decorations provider vscode.git 4917
[2021-08-17 21:36:55.528] [exthost] [warning] [Decorations] CAPPING events from decorations provider vscode.git 4917
[2021-08-17 21:37:00.652] [exthost] [warning] [Decorations] CAPPING events from decorations provider vscode.git 4917
[2021-08-17 21:37:06.366] [exthost] [warning] [Decorations] CAPPING events from decorations provider vscode.git 4917
[2021-08-17 21:37:11.496] [exthost] [warning] [Decorations] CAPPING events from decorations provider vscode.git 4917
[2021-08-17 21:37:16.624] [exthost] [warning] [Decorations] CAPPING events from decorations provider vscode.git 4917
[2021-08-17 21:37:21.744] [exthost] [warning] [Decorations] CAPPING events from decorations provider vscode.git 4917
[2021-08-17 21:37:26.868] [exthost] [warning] [Decorations] CAPPING events from decorations provider vscode.git 4917
[2021-08-17 21:37:31.997] [exthost] [warning] [Decorations] CAPPING events from decorations provider vscode.git 4917
[2021-08-17 21:37:37.129] [exthost] [warning] [Decorations] CAPPING events from decorations provider vscode.git 4917
[2021-08-17 21:37:42.252] [exthost] [warning] [Decorations] CAPPING events from decorations provider vscode.git 4917
[2021-08-17 21:37:44.976] [exthost] [warning] [Decorations] CAPPING events from decorations provider vscode.git 4917
[2021-08-17 21:37:47.378] [exthost] [warning] [Decorations] CAPPING events from decorations provider vscode.git 4917
[2021-08-17 21:37:52.507] [exthost] [warning] [Decorations] CAPPING events from decorations provider vscode.git 4917
[2021-08-17 21:37:57.628] [exthost] [warning] [Decorations] CAPPING events from decorations provider vscode.git 4917
[2021-08-17 21:38:02.760] [exthost] [warning] [Decorations] CAPPING events from decorations provider vscode.git 4917
[2021-08-17 21:38:07.879] [exthost] [warning] [Decorations] CAPPING events from decorations provider vscode.git 4917
[2021-08-17 21:38:13.013] [exthost] [warning] [Decorations] CAPPING events from decorations provider vscode.git 4917
[2021-08-17 21:38:19.738] [exthost] [warning] [Decorations] CAPPING events from decorations provider vscode.git 4917
[2021-08-17 21:38:24.862] [exthost] [warning] [Decorations] CAPPING events from decorations provider vscode.git 4917
[2021-08-17 21:38:29.996] [exthost] [warning] [Decorations] CAPPING events from decorations provider vscode.git 4917
[2021-08-17 21:38:35.156] [exthost] [warning] [Decorations] CAPPING events from decorations provider vscode.git 4917
[2021-08-17 21:38:40.285] [exthost] [warning] [Decorations] CAPPING events from decorations provider vscode.git 4917
[2021-08-17 21:38:46.053] [exthost] [warning] [Decorations] CAPPING events from decorations provider vscode.git 4917
[2021-08-17 21:38:53.913] [exthost] [warning] [Decorations] CAPPING events from decorations provider vscode.git 4917
[2021-08-17 21:40:29.242] [exthost] [warning] [Decorations] CAPPING events from decorations provider vscode.git 4917
[2021-08-17 21:40:34.413] [exthost] [warning] [Decorations] CAPPING events from decorations provider vscode.git 4917
[2021-08-17 21:40:39.532] [exthost] [warning] [Decorations] CAPPING events from decorations provider vscode.git 4917
[2021-08-17 21:40:44.654] [exthost] [warning] [Decorations] CAPPING events from decorations provider vscode.git 4917
[2021-08-17 21:40:46.737] [exthost] [warning] [Decorations] CAPPING events from decorations provider vscode.git 4917
[2021-08-17 21:45:50.079] [exthost] [warning] [Decorations] CAPPING events from decorations provider vscode.git 4917
[2021-08-17 21:45:52.034] [exthost] [warning] [Decorations] CAPPING events from decorations provider vscode.git 4917
[2021-08-17 21:45:55.212] [exthost] [warning] [Decorations] CAPPING events from decorations provider vscode.git 4917
[2021-08-17 21:46:00.342] [exthost] [warning] [Decorations] CAPPING events from decorations provider vscode.git 4917
[2021-08-17 21:46:06.159] [exthost] [warning] [Decorations] CAPPING events from decorations provider vscode.git 4917
[2021-08-17 21:46:11.968] [exthost] [warning] [Decorations] CAPPING events from decorations provider vscode.git 4917
[2021-08-17 21:46:17.101] [exthost] [warning] [Decorations] CAPPING events from decorations provider vscode.git 4917
[2021-08-17 21:46:22.230] [exthost] [warning] [Decorations] CAPPING events from decorations provider vscode.git 4917
[2021-08-17 21:46:27.965] [exthost] [warning] [Decorations] CAPPING events from decorations provider vscode.git 4917
[2021-08-17 21:46:33.094] [exthost] [warning] [Decorations] CAPPING events from decorations provider vscode.git 4917
[2021-08-17 21:46:40.271] [exthost] [warning] [Decorations] CAPPING events from decorations provider vscode.git 4917
[2021-08-17 21:46:45.406] [exthost] [warning] [Decorations] CAPPING events from decorations provider vscode.git 4917
[2021-08-17 21:46:50.538] [exthost] [warning] [Decorations] CAPPING events from decorations provider vscode.git 4917
[2021-08-17 21:46:55.672] [exthost] [warning] [Decorations] CAPPING events from decorations provider vscode.git 4917
[2021-08-17 21:47:00.852] [exthost] [warning] [Decorations] CAPPING events from decorations provider vscode.git 4917
[2021-08-17 21:47:05.979] [exthost] [warning] [Decorations] CAPPING events from decorations provider vscode.git 4917
[2021-08-17 21:47:11.111] [exthost] [warning] [Decorations] CAPPING events from decorations provider vscode.git 4917
[2021-08-17 21:47:18.738] [exthost] [warning] [Decorations] CAPPING events from decorations provider vscode.git 4917
[2021-08-17 21:47:23.859] [exthost] [warning] [Decorations] CAPPING events from decorations provider vscode.git 4917
[2021-08-17 21:47:28.994] [exthost] [warning] [Decorations] CAPPING events from decorations provider vscode.git 4917
[2021-08-17 21:47:41.139] [exthost] [warning] [Decorations] CAPPING events from decorations provider vscode.git 4917
[2021-08-17 21:47:46.264] [exthost] [warning] [Decorations] CAPPING events from decorations provider vscode.git 4917
[2021-08-17 21:47:51.386] [exthost] [warning] [Decorations] CAPPING events from decorations provider vscode.git 4917
[2021-08-17 21:47:56.514] [exthost] [warning] [Decorations] CAPPING events from decorations provider vscode.git 4917
[2021-08-17 21:48:02.222] [exthost] [warning] [Decorations] CAPPING events from decorations provider vscode.git 4917
[2021-08-17 21:48:07.394] [exthost] [warning] [Decorations] CAPPING events from decorations provider vscode.git 4917
[2021-08-17 21:48:12.523] [exthost] [warning] [Decorations] CAPPING events from decorations provider vscode.git 4917
[2021-08-17 21:48:17.663] [exthost] [warning] [Decorations] CAPPING events from decorations provider vscode.git 4917
[2021-08-17 21:48:22.787] [exthost] [warning] [Decorations] CAPPING events from decorations provider vscode.git 4917
[2021-08-17 21:48:27.913] [exthost] [warning] [Decorations] CAPPING events from decorations provider vscode.git 4917
[2021-08-17 21:48:33.087] [exthost] [warning] [Decorations] CAPPING events from decorations provider vscode.git 4917
[2021-08-17 21:48:49.364] [exthost] [warning] [Decorations] CAPPING events from decorations provider vscode.git 4917
[2021-08-17 21:48:52.593] [exthost] [warning] [Decorations] CAPPING events from decorations provider vscode.git 4917
[2021-08-17 21:48:54.498] [exthost] [warning] [Decorations] CAPPING events from decorations provider vscode.git 4917
[2021-08-17 21:48:59.674] [exthost] [warning] [Decorations] CAPPING events from decorations provider vscode.git 4917
[2021-08-17 21:49:04.803] [exthost] [warning] [Decorations] CAPPING events from decorations provider vscode.git 4917
[2021-08-17 21:49:09.933] [exthost] [warning] [Decorations] CAPPING events from decorations provider vscode.git 4917
[2021-08-17 21:49:15.056] [exthost] [warning] [Decorations] CAPPING events from decorations provider vscode.git 4917
[2021-08-17 21:49:20.184] [exthost] [warning] [Decorations] CAPPING events from decorations provider vscode.git 4917
[2021-08-17 21:49:28.677] [exthost] [warning] [Decorations] CAPPING events from decorations provider vscode.git 4917
[2021-08-17 21:49:33.801] [exthost] [warning] [Decorations] CAPPING events from decorations provider vscode.git 4917
[2021-08-17 21:49:38.936] [exthost] [warning] [Decorations] CAPPING events from decorations provider vscode.git 4917
[2021-08-17 21:49:44.061] [exthost] [warning] [Decorations] CAPPING events from decorations provider vscode.git 4917
[2021-08-17 21:49:49.224] [exthost] [warning] [Decorations] CAPPING events from decorations provider vscode.git 4917
[2021-08-17 21:49:54.361] [exthost] [warning] [Decorations] CAPPING events from decorations provider vscode.git 4917
[2021-08-17 21:49:59.500] [exthost] [warning] [Decorations] CAPPING events from decorations provider vscode.git 4917
[2021-08-17 21:50:04.630] [exthost] [warning] [Decorations] CAPPING events from decorations provider vscode.git 4917
[2021-08-17 21:50:09.787] [exthost] [warning] [Decorations] CAPPING events from decorations provider vscode.git 4917
[2021-08-17 21:50:14.917] [exthost] [warning] [Decorations] CAPPING events from decorations provider vscode.git 4917
[2021-08-17 21:54:43.771] [exthost] [warning] [Decorations] CAPPING events from decorations provider vscode.git 4917
[2021-08-17 21:54:45.707] [exthost] [warning] [Decorations] CAPPING events from decorations provider vscode.git 4917
[2021-08-17 21:54:48.893] [exthost] [warning] [Decorations] CAPPING events from decorations provider vscode.git 4917
[2021-08-17 21:54:54.019] [exthost] [warning] [Decorations] CAPPING events from decorations provider vscode.git 4917
[2021-08-17 21:54:59.777] [exthost] [warning] [Decorations] CAPPING events from decorations provider vscode.git 4917
[2021-08-17 21:55:04.897] [exthost] [warning] [Decorations] CAPPING events from decorations provider vscode.git 4917
[2021-08-17 21:55:10.036] [exthost] [warning] [Decorations] CAPPING events from decorations provider vscode.git 4917
[2021-08-17 21:55:15.176] [exthost] [warning] [Decorations] CAPPING events from decorations provider vscode.git 4917
[2021-08-17 21:55:20.987] [exthost] [warning] [Decorations] CAPPING events from decorations provider vscode.git 4917
[2021-08-17 21:55:26.117] [exthost] [warning] [Decorations] CAPPING events from decorations provider vscode.git 4917
[2021-08-17 21:55:31.273] [exthost] [warning] [Decorations] CAPPING events from decorations provider vscode.git 4917
[2021-08-17 21:55:36.395] [exthost] [warning] [Decorations] CAPPING events from decorations provider vscode.git 4917
[2021-08-17 21:55:41.545] [exthost] [warning] [Decorations] CAPPING events from decorations provider vscode.git 4918
[2021-08-17 21:55:46.674] [exthost] [warning] [Decorations] CAPPING events from decorations provider vscode.git 4918
[2021-08-17 22:06:17.065] [exthost] [warning] [Decorations] CAPPING events from decorations provider vscode.git 4918
[2021-08-17 22:06:18.966] [exthost] [warning] [Decorations] CAPPING events from decorations provider vscode.git 4918
[2021-08-17 22:06:22.201] [exthost] [warning] [Decorations] CAPPING events from decorations provider vscode.git 4918
[2021-08-17 22:06:27.325] [exthost] [warning] [Decorations] CAPPING events from decorations provider vscode.git 4918
[2021-08-17 22:06:32.444] [exthost] [warning] [Decorations] CAPPING events from decorations provider vscode.git 4918
[2021-08-17 22:06:37.570] [exthost] [warning] [Decorations] CAPPING events from decorations provider vscode.git 4918
[2021-08-17 22:06:42.687] [exthost] [warning] [Decorations] CAPPING events from decorations provider vscode.git 4918
[2021-08-17 22:06:47.822] [exthost] [warning] [Decorations] CAPPING events from decorations provider vscode.git 4918
[2021-08-17 22:06:52.944] [exthost] [warning] [Decorations] CAPPING events from decorations provider vscode.git 4918
[2021-08-17 22:06:58.071] [exthost] [warning] [Decorations] CAPPING events from decorations provider vscode.git 4918
[2021-08-17 22:07:03.193] [exthost] [warning] [Decorations] CAPPING events from decorations provider vscode.git 4918
[2021-08-17 22:07:08.326] [exthost] [warning] [Decorations] CAPPING events from decorations provider vscode.git 4918
[2021-08-17 22:07:14.049] [exthost] [warning] [Decorations] CAPPING events from decorations provider vscode.git 4918
[2021-08-17 22:07:19.179] [exthost] [warning] [Decorations] CAPPING events from decorations provider vscode.git 4918
[2021-08-17 22:07:25.036] [exthost] [warning] [Decorations] CAPPING events from decorations provider vscode.git 4918
[2021-08-17 22:07:30.162] [exthost] [warning] [Decorations] CAPPING events from decorations provider vscode.git 4918
[2021-08-17 22:07:35.288] [exthost] [warning] [Decorations] CAPPING events from decorations provider vscode.git 4918
[2021-08-17 22:07:40.411] [exthost] [warning] [Decorations] CAPPING events from decorations provider vscode.git 4918
[2021-08-17 22:07:45.542] [exthost] [warning] [Decorations] CAPPING events from decorations provider vscode.git 4918
[2021-08-17 22:07:50.671] [exthost] [warning] [Decorations] CAPPING events from decorations provider vscode.git 4918
[2021-08-17 22:07:55.806] [exthost] [warning] [Decorations] CAPPING events from decorations provider vscode.git 4918
[2021-08-17 22:08:00.945] [exthost] [warning] [Decorations] CAPPING events from decorations provider vscode.git 4918
[2021-08-17 22:08:17.157] [exthost] [warning] [Decorations] CAPPING events from decorations provider vscode.git 4918
[2021-08-17 22:08:22.298] [exthost] [warning] [Decorations] CAPPING events from decorations provider vscode.git 4918
[2021-08-17 22:08:27.433] [exthost] [warning] [Decorations] CAPPING events from decorations provider vscode.git 4918
[2021-08-17 22:08:32.575] [exthost] [warning] [Decorations] CAPPING events from decorations provider vscode.git 4918
[2021-08-17 22:08:37.751] [exthost] [warning] [Decorations] CAPPING events from decorations provider vscode.git 4918
[2021-08-17 22:09:56.622] [exthost] [warning] [Decorations] CAPPING events from decorations provider vscode.git 4918
[2021-08-17 22:09:58.571] [exthost] [warning] [Decorations] CAPPING events from decorations provider vscode.git 4918
[2021-08-17 22:10:01.750] [exthost] [warning] [Decorations] CAPPING events from decorations provider vscode.git 4918
[2021-08-17 22:10:08.561] [exthost] [warning] [Decorations] CAPPING events from decorations provider vscode.git 4918
[2021-08-17 22:10:13.699] [exthost] [warning] [Decorations] CAPPING events from decorations provider vscode.git 4918
[2021-08-17 22:10:18.837] [exthost] [warning] [Decorations] CAPPING events from decorations provider vscode.git 4918
[2021-08-17 22:10:23.967] [exthost] [warning] [Decorations] CAPPING events from decorations provider vscode.git 4918
[2021-08-17 22:10:30.033] [exthost] [warning] [Decorations] CAPPING events from decorations provider vscode.git 4918
[2021-08-17 22:10:35.174] [exthost] [warning] [Decorations] CAPPING events from decorations provider vscode.git 4918
[2021-08-17 22:10:40.303] [exthost] [warning] [Decorations] CAPPING events from decorations provider vscode.git 4918
[2021-08-17 22:10:46.072] [exthost] [warning] [Decorations] CAPPING events from decorations provider vscode.git 4918
[2021-08-17 22:10:51.195] [exthost] [warning] [Decorations] CAPPING events from decorations provider vscode.git 4918
[2021-08-17 22:11:44.221] [exthost] [warning] [Decorations] CAPPING events from decorations provider vscode.git 4918
[2021-08-17 22:11:49.347] [exthost] [warning] [Decorations] CAPPING events from decorations provider vscode.git 4918
[2021-08-17 22:11:54.466] [exthost] [warning] [Decorations] CAPPING events from decorations provider vscode.git 4918
[2021-08-17 22:12:01.289] [exthost] [warning] [Decorations] CAPPING events from decorations provider vscode.git 4918
[2021-08-17 22:12:06.405] [exthost] [warning] [Decorations] CAPPING events from decorations provider vscode.git 4918
[2021-08-17 22:12:11.571] [exthost] [warning] [Decorations] CAPPING events from decorations provider vscode.git 4918
[2021-08-17 22:12:16.697] [exthost] [warning] [Decorations] CAPPING events from decorations provider vscode.git 4918
[2021-08-17 22:12:21.822] [exthost] [warning] [Decorations] CAPPING events from decorations provider vscode.git 4918
[2021-08-17 22:12:26.945] [exthost] [warning] [Decorations] CAPPING events from decorations provider vscode.git 4918
[2021-08-17 22:12:32.133] [exthost] [warning] [Decorations] CAPPING events from decorations provider vscode.git 4918
[2021-08-17 22:12:37.959] [exthost] [warning] [Decorations] CAPPING events from decorations provider vscode.git 4918
[2021-08-17 22:12:43.614] [exthost] [warning] [Decorations] CAPPING events from decorations provider vscode.git 4918
[2021-08-17 22:12:48.738] [exthost] [warning] [Decorations] CAPPING events from decorations provider vscode.git 4918
[2021-08-17 22:12:53.862] [exthost] [warning] [Decorations] CAPPING events from decorations provider vscode.git 4918
[2021-08-17 22:12:59.116] [exthost] [warning] [Decorations] CAPPING events from decorations provider vscode.git 4918
[2021-08-17 22:13:00.906] [exthost] [warning] [Decorations] CAPPING events from decorations provider vscode.git 4918
[2021-08-17 22:13:07.685] [exthost] [warning] [Decorations] CAPPING events from decorations provider vscode.git 4918
[2021-08-17 22:13:12.848] [exthost] [warning] [Decorations] CAPPING events from decorations provider vscode.git 4918
[2021-08-17 22:13:17.976] [exthost] [warning] [Decorations] CAPPING events from decorations provider vscode.git 4918
[2021-08-17 22:13:23.098] [exthost] [warning] [Decorations] CAPPING events from decorations provider vscode.git 4918
[2021-08-17 22:13:28.220] [exthost] [warning] [Decorations] CAPPING events from decorations provider vscode.git 4918
[2021-08-17 22:13:33.346] [exthost] [warning] [Decorations] CAPPING events from decorations provider vscode.git 4918
[2021-08-17 22:22:57.172] [exthost] [warning] [Decorations] CAPPING events from decorations provider vscode.git 4918
[2021-08-17 22:22:59.024] [exthost] [warning] [Decorations] CAPPING events from decorations provider vscode.git 4918
[2021-08-17 22:23:02.302] [exthost] [warning] [Decorations] CAPPING events from decorations provider vscode.git 4918
[2021-08-17 22:23:07.426] [exthost] [warning] [Decorations] CAPPING events from decorations provider vscode.git 4918
[2021-08-17 22:23:12.561] [exthost] [warning] [Decorations] CAPPING events from decorations provider vscode.git 4918
[2021-08-17 22:23:17.685] [exthost] [warning] [Decorations] CAPPING events from decorations provider vscode.git 4918
[2021-08-17 22:23:22.812] [exthost] [warning] [Decorations] CAPPING events from decorations provider vscode.git 4918
[2021-08-17 22:23:27.944] [exthost] [warning] [Decorations] CAPPING events from decorations provider vscode.git 4918
[2021-08-17 22:23:33.076] [exthost] [warning] [Decorations] CAPPING events from decorations provider vscode.git 4918
[2021-08-17 22:23:38.202] [exthost] [warning] [Decorations] CAPPING events from decorations provider vscode.git 4918
[2021-08-17 22:23:43.326] [exthost] [warning] [Decorations] CAPPING events from decorations provider vscode.git 4918
[2021-08-17 22:23:48.506] [exthost] [warning] [Decorations] CAPPING events from decorations provider vscode.git 4918
[2021-08-17 22:23:53.638] [exthost] [warning] [Decorations] CAPPING events from decorations provider vscode.git 4918
[2021-08-17 22:24:05.356] [exthost] [warning] [Decorations] CAPPING events from decorations provider vscode.git 4918
[2021-08-17 22:24:40.792] [exthost] [warning] [Decorations] CAPPING events from decorations provider vscode.git 4918
[2021-08-17 22:24:50.155] [exthost] [warning] [Decorations] CAPPING events from decorations provider vscode.git 4918
[2021-08-17 22:24:55.327] [exthost] [warning] [Decorations] CAPPING events from decorations provider vscode.git 4918
[2021-08-17 22:25:00.459] [exthost] [warning] [Decorations] CAPPING events from decorations provider vscode.git 4918
[2021-08-17 22:25:05.590] [exthost] [warning] [Decorations] CAPPING events from decorations provider vscode.git 4918
[2021-08-17 22:25:10.724] [exthost] [warning] [Decorations] CAPPING events from decorations provider vscode.git 4918
[2021-08-17 22:25:15.838] [exthost] [warning] [Decorations] CAPPING events from decorations provider vscode.git 4918
[2021-08-17 22:25:20.964] [exthost] [warning] [Decorations] CAPPING events from decorations provider vscode.git 4918
[2021-08-17 22:25:26.711] [exthost] [warning] [Decorations] CAPPING events from decorations provider vscode.git 4918
[2021-08-17 22:25:31.828] [exthost] [warning] [Decorations] CAPPING events from decorations provider vscode.git 4918
[2021-08-17 22:25:36.956] [exthost] [warning] [Decorations] CAPPING events from decorations provider vscode.git 4918
[2021-08-17 22:25:42.082] [exthost] [warning] [Decorations] CAPPING events from decorations provider vscode.git 4918
[2021-08-17 22:25:53.015] [exthost] [warning] [Decorations] CAPPING events from decorations provider vscode.git 4918
[2021-08-17 22:25:58.147] [exthost] [warning] [Decorations] CAPPING events from decorations provider vscode.git 4918
[2021-08-17 22:26:00.279] [exthost] [warning] [Decorations] CAPPING events from decorations provider vscode.git 4918
[2021-08-17 22:26:04.004] [exthost] [warning] [Decorations] CAPPING events from decorations provider vscode.git 4918
[2021-08-17 22:26:09.132] [exthost] [warning] [Decorations] CAPPING events from decorations provider vscode.git 4918
[2021-08-17 22:26:14.280] [exthost] [warning] [Decorations] CAPPING events from decorations provider vscode.git 4918
[2021-08-17 22:26:19.421] [exthost] [warning] [Decorations] CAPPING events from decorations provider vscode.git 4918
[2021-08-17 22:26:24.558] [exthost] [warning] [Decorations] CAPPING events from decorations provider vscode.git 4918
[2021-08-17 22:26:29.677] [exthost] [warning] [Decorations] CAPPING events from decorations provider vscode.git 4918
[2021-08-17 22:26:35.399] [exthost] [warning] [Decorations] CAPPING events from decorations provider vscode.git 4918
[2021-08-17 22:26:40.525] [exthost] [warning] [Decorations] CAPPING events from decorations provider vscode.git 4918
[2021-08-17 22:26:45.655] [exthost] [warning] [Decorations] CAPPING events from decorations provider vscode.git 4918
[2021-08-17 22:26:52.349] [exthost] [warning] [Decorations] CAPPING events from decorations provider vscode.git 4918
[2021-08-17 22:27:02.151] [exthost] [warning] [Decorations] CAPPING events from decorations provider vscode.git 4918
[2021-08-17 22:27:07.279] [exthost] [warning] [Decorations] CAPPING events from decorations provider vscode.git 4918
[2021-08-17 22:27:21.845] [exthost] [warning] [Decorations] CAPPING events from decorations provider vscode.git 4918
[2021-08-17 22:27:26.971] [exthost] [warning] [Decorations] CAPPING events from decorations provider vscode.git 4918
[2021-08-17 22:27:32.113] [exthost] [warning] [Decorations] CAPPING events from decorations provider vscode.git 4918
[2021-08-17 22:27:39.866] [exthost] [warning] [Decorations] CAPPING events from decorations provider vscode.git 4918
[2021-08-17 22:27:44.984] [exthost] [warning] [Decorations] CAPPING events from decorations provider vscode.git 4918
[2021-08-17 22:27:50.110] [exthost] [warning] [Decorations] CAPPING events from decorations provider vscode.git 4918
[2021-08-17 22:27:56.114] [exthost] [warning] [Decorations] CAPPING events from decorations provider vscode.git 4918
[2021-08-17 22:28:01.238] [exthost] [warning] [Decorations] CAPPING events from decorations provider vscode.git 4918
[2021-08-17 22:28:06.376] [exthost] [warning] [Decorations] CAPPING events from decorations provider vscode.git 4918
[2021-08-17 22:28:11.516] [exthost] [warning] [Decorations] CAPPING events from decorations provider vscode.git 4918
[2021-08-17 22:32:36.974] [exthost] [warning] [Decorations] CAPPING events from decorations provider vscode.git 4918
[2021-08-17 22:32:38.875] [exthost] [warning] [Decorations] CAPPING events from decorations provider vscode.git 4918
[2021-08-17 22:35:43.659] [exthost] [warning] [Decorations] CAPPING events from decorations provider vscode.git 4918
[2021-08-17 22:35:45.689] [exthost] [warning] [Decorations] CAPPING events from decorations provider vscode.git 4918
[2021-08-17 22:36:02.939] [exthost] [warning] [Decorations] CAPPING events from decorations provider vscode.git 4918
[2021-08-17 22:36:08.086] [exthost] [warning] [Decorations] CAPPING events from decorations provider vscode.git 4918
[2021-08-17 22:36:13.209] [exthost] [warning] [Decorations] CAPPING events from decorations provider vscode.git 4918
[2021-08-17 22:36:18.332] [exthost] [warning] [Decorations] CAPPING events from decorations provider vscode.git 4918
[2021-08-17 22:36:23.463] [exthost] [warning] [Decorations] CAPPING events from decorations provider vscode.git 4918
[2021-08-17 22:36:28.591] [exthost] [warning] [Decorations] CAPPING events from decorations provider vscode.git 4918
[2021-08-17 22:36:35.370] [exthost] [warning] [Decorations] CAPPING events from decorations provider vscode.git 4918
[2021-08-17 22:36:46.097] [exthost] [warning] [Decorations] CAPPING events from decorations provider vscode.git 4918
[2021-08-17 22:36:51.224] [exthost] [warning] [Decorations] CAPPING events from decorations provider vscode.git 4918
[2021-08-17 22:36:56.354] [exthost] [warning] [Decorations] CAPPING events from decorations provider vscode.git 4918
[2021-08-17 22:37:01.490] [exthost] [warning] [Decorations] CAPPING events from decorations provider vscode.git 4918
[2021-08-17 22:37:10.235] [exthost] [warning] [Decorations] CAPPING events from decorations provider vscode.git 4918
[2021-08-17 22:37:15.414] [exthost] [warning] [Decorations] CAPPING events from decorations provider vscode.git 4918
[2021-08-17 22:37:20.544] [exthost] [warning] [Decorations] CAPPING events from decorations provider vscode.git 4919
[2021-08-17 22:37:25.702] [exthost] [warning] [Decorations] CAPPING events from decorations provider vscode.git 4919
[2021-08-17 22:37:30.829] [exthost] [warning] [Decorations] CAPPING events from decorations provider vscode.git 4919
[2021-08-17 22:37:35.966] [exthost] [warning] [Decorations] CAPPING events from decorations provider vscode.git 4919
[2021-08-17 22:37:41.091] [exthost] [warning] [Decorations] CAPPING events from decorations provider vscode.git 4918
[2021-08-17 22:37:46.213] [exthost] [warning] [Decorations] CAPPING events from decorations provider vscode.git 4918
[2021-08-17 22:37:51.350] [exthost] [warning] [Decorations] CAPPING events from decorations provider vscode.git 4918
[2021-08-17 22:38:07.334] [exthost] [warning] [Decorations] CAPPING events from decorations provider vscode.git 4918
[2021-08-17 22:38:12.463] [exthost] [warning] [Decorations] CAPPING events from decorations provider vscode.git 4918
[2021-08-17 22:38:17.591] [exthost] [warning] [Decorations] CAPPING events from decorations provider vscode.git 4923
[2021-08-17 22:38:22.751] [exthost] [warning] [Decorations] CAPPING events from decorations provider vscode.git 4923
[2021-08-17 22:38:27.873] [exthost] [warning] [Decorations] CAPPING events from decorations provider vscode.git 4923
[2021-08-17 22:38:33.626] [exthost] [warning] [Decorations] CAPPING events from decorations provider vscode.git 4918
[2021-08-17 22:38:38.783] [exthost] [warning] [Decorations] CAPPING events from decorations provider vscode.git 4918
[2021-08-17 22:38:43.930] [exthost] [warning] [Decorations] CAPPING events from decorations provider vscode.git 4918
[2021-08-17 22:38:46.312] [exthost] [warning] [Decorations] CAPPING events from decorations provider vscode.git 4918
[2021-08-17 22:39:11.096] [exthost] [warning] [Decorations] CAPPING events from decorations provider vscode.git 4918
[2021-08-17 22:39:16.224] [exthost] [warning] [Decorations] CAPPING events from decorations provider vscode.git 4919
[2021-08-17 22:39:21.360] [exthost] [warning] [Decorations] CAPPING events from decorations provider vscode.git 4919
[2021-08-17 22:39:30.603] [exthost] [warning] [Decorations] CAPPING events from decorations provider vscode.git 4919
[2021-08-17 22:39:35.741] [exthost] [warning] [Decorations] CAPPING events from decorations provider vscode.git 4919
[2021-08-17 22:39:46.733] [exthost] [warning] [Decorations] CAPPING events from decorations provider vscode.git 4919
[2021-08-17 22:39:51.853] [exthost] [warning] [Decorations] CAPPING events from decorations provider vscode.git 4919
[2021-08-17 22:40:11.523] [exthost] [warning] [Decorations] CAPPING events from decorations provider vscode.git 4919
[2021-08-17 22:40:16.649] [exthost] [warning] [Decorations] CAPPING events from decorations provider vscode.git 4919
[2021-08-17 22:40:21.783] [exthost] [warning] [Decorations] CAPPING events from decorations provider vscode.git 4919
[2021-08-17 22:40:44.067] [exthost] [warning] [Decorations] CAPPING events from decorations provider vscode.git 4919
[2021-08-17 22:40:49.197] [exthost] [warning] [Decorations] CAPPING events from decorations provider vscode.git 4919
[2021-08-17 22:40:54.327] [exthost] [warning] [Decorations] CAPPING events from decorations provider vscode.git 4919
[2021-08-17 22:41:01.131] [exthost] [warning] [Decorations] CAPPING events from decorations provider vscode.git 4919
[2021-08-17 22:41:06.257] [exthost] [warning] [Decorations] CAPPING events from decorations provider vscode.git 4919
[2021-08-17 22:41:11.396] [exthost] [warning] [Decorations] CAPPING events from decorations provider vscode.git 4919
[2021-08-17 22:41:16.522] [exthost] [warning] [Decorations] CAPPING events from decorations provider vscode.git 4919
[2021-08-17 22:41:21.645] [exthost] [warning] [Decorations] CAPPING events from decorations provider vscode.git 4919
[2021-08-17 22:41:26.768] [exthost] [warning] [Decorations] CAPPING events from decorations provider vscode.git 4919
[2021-08-17 22:41:31.898] [exthost] [warning] [Decorations] CAPPING events from decorations provider vscode.git 4919
[2021-08-17 22:41:37.683] [exthost] [warning] [Decorations] CAPPING events from decorations provider vscode.git 4919
[2021-08-17 22:41:42.812] [exthost] [warning] [Decorations] CAPPING events from decorations provider vscode.git 4919
[2021-08-17 22:41:46.841] [exthost] [warning] [Decorations] CAPPING events from decorations provider vscode.git 4919
[2021-08-17 22:41:49.620] [exthost] [warning] [Decorations] CAPPING events from decorations provider vscode.git 4919
[2021-08-17 22:42:03.328] [exthost] [warning] [Decorations] CAPPING events from decorations provider vscode.git 4919
[2021-08-17 22:42:08.454] [exthost] [warning] [Decorations] CAPPING events from decorations provider vscode.git 4919
[2021-08-17 22:42:13.598] [exthost] [warning] [Decorations] CAPPING events from decorations provider vscode.git 4919
[2021-08-17 22:42:23.012] [exthost] [warning] [Decorations] CAPPING events from decorations provider vscode.git 4919
[2021-08-17 22:42:28.150] [exthost] [warning] [Decorations] CAPPING events from decorations provider vscode.git 4919
[2021-08-17 22:42:33.283] [exthost] [warning] [Decorations] CAPPING events from decorations provider vscode.git 4919
[2021-08-17 22:42:38.423] [exthost] [warning] [Decorations] CAPPING events from decorations provider vscode.git 4919
[2021-08-17 22:42:43.548] [exthost] [warning] [Decorations] CAPPING events from decorations provider vscode.git 4919
[2021-08-17 22:42:48.673] [exthost] [warning] [Decorations] CAPPING events from decorations provider vscode.git 4919
[2021-08-17 22:42:53.848] [exthost] [warning] [Decorations] CAPPING events from decorations provider vscode.git 4919
[2021-08-17 22:42:58.984] [exthost] [warning] [Decorations] CAPPING events from decorations provider vscode.git 4919
[2021-08-17 22:43:04.118] [exthost] [warning] [Decorations] CAPPING events from decorations provider vscode.git 4919
[2021-08-17 22:43:09.257] [exthost] [warning] [Decorations] CAPPING events from decorations provider vscode.git 4919
[2021-08-17 22:43:17.546] [exthost] [warning] [Decorations] CAPPING events from decorations provider vscode.git 4919
[2021-08-17 22:43:22.671] [exthost] [warning] [Decorations] CAPPING events from decorations provider vscode.git 4919
[2021-08-17 22:43:27.797] [exthost] [warning] [Decorations] CAPPING events from decorations provider vscode.git 4919
[2021-08-17 22:43:32.924] [exthost] [warning] [Decorations] CAPPING events from decorations provider vscode.git 4919
[2021-08-17 22:43:38.054] [exthost] [warning] [Decorations] CAPPING events from decorations provider vscode.git 4919
[2021-08-17 22:43:43.185] [exthost] [warning] [Decorations] CAPPING events from decorations provider vscode.git 4919
[2021-08-17 22:43:48.309] [exthost] [warning] [Decorations] CAPPING events from decorations provider vscode.git 4919
[2021-08-17 22:43:54.003] [exthost] [warning] [Decorations] CAPPING events from decorations provider vscode.git 4919
[2021-08-17 22:43:59.139] [exthost] [warning] [Decorations] CAPPING events from decorations provider vscode.git 4919
[2021-08-17 22:44:04.305] [exthost] [warning] [Decorations] CAPPING events from decorations provider vscode.git 4919
[2021-08-17 22:44:26.816] [exthost] [warning] [Decorations] CAPPING events from decorations provider vscode.git 4919
[2021-08-17 22:44:31.941] [exthost] [warning] [Decorations] CAPPING events from decorations provider vscode.git 4919
[2021-08-17 22:44:38.682] [exthost] [warning] [Decorations] CAPPING events from decorations provider vscode.git 4919
[2021-08-17 22:44:43.816] [exthost] [warning] [Decorations] CAPPING events from decorations provider vscode.git 4919
[2021-08-17 22:44:47.346] [exthost] [warning] [Decorations] CAPPING events from decorations provider vscode.git 4919
[2021-08-17 22:44:51.169] [exthost] [warning] [Decorations] CAPPING events from decorations provider vscode.git 4919
[2021-08-17 22:44:56.306] [exthost] [warning] [Decorations] CAPPING events from decorations provider vscode.git 4919
[2021-08-17 22:45:01.437] [exthost] [warning] [Decorations] CAPPING events from decorations provider vscode.git 4919
[2021-08-17 22:45:12.805] [exthost] [warning] [Decorations] CAPPING events from decorations provider vscode.git 4919
[2021-08-17 22:45:17.969] [exthost] [warning] [Decorations] CAPPING events from decorations provider vscode.git 4919
[2021-08-17 22:45:23.105] [exthost] [warning] [Decorations] CAPPING events from decorations provider vscode.git 4919
[2021-08-17 22:45:28.244] [exthost] [warning] [Decorations] CAPPING events from decorations provider vscode.git 4919
[2021-08-17 22:45:37.945] [exthost] [warning] [Decorations] CAPPING events from decorations provider vscode.git 4919
[2021-08-17 22:45:43.121] [exthost] [warning] [Decorations] CAPPING events from decorations provider vscode.git 4919
[2021-08-17 22:45:48.247] [exthost] [warning] [Decorations] CAPPING events from decorations provider vscode.git 4919
[2021-08-17 22:45:53.382] [exthost] [warning] [Decorations] CAPPING events from decorations provider vscode.git 4919
[2021-08-17 22:45:58.524] [exthost] [warning] [Decorations] CAPPING events from decorations provider vscode.git 4919
[2021-08-17 22:46:05.337] [exthost] [warning] [Decorations] CAPPING events from decorations provider vscode.git 4919
[2021-08-17 22:46:10.519] [exthost] [warning] [Decorations] CAPPING events from decorations provider vscode.git 4919
[2021-08-17 22:46:15.653] [exthost] [warning] [Decorations] CAPPING events from decorations provider vscode.git 4919
[2021-08-17 22:46:29.608] [exthost] [warning] [Decorations] CAPPING events from decorations provider vscode.git 4919
[2021-08-17 22:46:34.744] [exthost] [warning] [Decorations] CAPPING events from decorations provider vscode.git 4919
[2021-08-17 22:46:39.882] [exthost] [warning] [Decorations] CAPPING events from decorations provider vscode.git 4919
[2021-08-17 22:46:45.034] [exthost] [warning] [Decorations] CAPPING events from decorations provider vscode.git 4919
[2021-08-17 22:46:50.202] [exthost] [warning] [Decorations] CAPPING events from decorations provider vscode.git 4919
[2021-08-17 22:46:55.336] [exthost] [warning] [Decorations] CAPPING events from decorations provider vscode.git 4919
[2021-08-17 22:47:00.472] [exthost] [warning] [Decorations] CAPPING events from decorations provider vscode.git 4919
[2021-08-17 22:47:05.613] [exthost] [warning] [Decorations] CAPPING events from decorations provider vscode.git 4919
[2021-08-17 22:47:10.738] [exthost] [warning] [Decorations] CAPPING events from decorations provider vscode.git 4919
[2021-08-17 22:47:17.594] [exthost] [warning] [Decorations] CAPPING events from decorations provider vscode.git 4919
[2021-08-17 22:47:22.730] [exthost] [warning] [Decorations] CAPPING events from decorations provider vscode.git 4919
[2021-08-17 22:48:08.870] [exthost] [warning] [Decorations] CAPPING events from decorations provider vscode.git 4919
[2021-08-17 22:48:10.847] [exthost] [warning] [Decorations] CAPPING events from decorations provider vscode.git 4919
[2021-08-17 22:48:13.989] [exthost] [warning] [Decorations] CAPPING events from decorations provider vscode.git 4919
[2021-08-17 22:48:19.802] [exthost] [warning] [Decorations] CAPPING events from decorations provider vscode.git 4919
[2021-08-17 22:48:25.572] [exthost] [warning] [Decorations] CAPPING events from decorations provider vscode.git 4919
[2021-08-17 22:48:30.712] [exthost] [warning] [Decorations] CAPPING events from decorations provider vscode.git 4919
[2021-08-17 22:49:37.832] [exthost] [warning] [Decorations] CAPPING events from decorations provider vscode.git 4919
[2021-08-17 22:49:42.962] [exthost] [warning] [Decorations] CAPPING events from decorations provider vscode.git 4919
[2021-08-17 22:49:48.139] [exthost] [warning] [Decorations] CAPPING events from decorations provider vscode.git 4919
[2021-08-17 22:49:53.911] [exthost] [warning] [Decorations] CAPPING events from decorations provider vscode.git 4919
[2021-08-17 22:49:59.053] [exthost] [warning] [Decorations] CAPPING events from decorations provider vscode.git 4919
[2021-08-17 22:50:04.754] [exthost] [warning] [Decorations] CAPPING events from decorations provider vscode.git 4919
[2021-08-17 22:50:11.469] [exthost] [warning] [Decorations] CAPPING events from decorations provider vscode.git 4919
[2021-08-17 22:50:16.650] [exthost] [warning] [Decorations] CAPPING events from decorations provider vscode.git 4919
[2021-08-17 22:50:21.788] [exthost] [warning] [Decorations] CAPPING events from decorations provider vscode.git 4919
[2021-08-17 22:50:36.874] [exthost] [warning] [Decorations] CAPPING events from decorations provider vscode.git 4919
[2021-08-17 22:50:42.022] [exthost] [warning] [Decorations] CAPPING events from decorations provider vscode.git 4919
[2021-08-17 22:50:47.820] [exthost] [warning] [Decorations] CAPPING events from decorations provider vscode.git 4919
[2021-08-17 22:50:52.947] [exthost] [warning] [Decorations] CAPPING events from decorations provider vscode.git 4919
[2021-08-17 22:50:58.082] [exthost] [warning] [Decorations] CAPPING events from decorations provider vscode.git 4919
[2021-08-17 22:51:05.978] [exthost] [warning] [Decorations] CAPPING events from decorations provider vscode.git 4919
[2021-08-17 22:51:11.378] [exthost] [warning] [Decorations] CAPPING events from decorations provider vscode.git 4919
[2021-08-17 22:51:13.105] [exthost] [warning] [Decorations] CAPPING events from decorations provider vscode.git 4919
[2021-08-17 22:51:19.835] [exthost] [warning] [Decorations] CAPPING events from decorations provider vscode.git 4919
[2021-08-17 22:51:24.974] [exthost] [warning] [Decorations] CAPPING events from decorations provider vscode.git 4919
[2021-08-17 22:51:30.154] [exthost] [warning] [Decorations] CAPPING events from decorations provider vscode.git 4919
[2021-08-17 22:51:35.287] [exthost] [warning] [Decorations] CAPPING events from decorations provider vscode.git 4919
[2021-08-17 22:51:40.472] [exthost] [warning] [Decorations] CAPPING events from decorations provider vscode.git 4919
[2021-08-17 22:51:45.601] [exthost] [warning] [Decorations] CAPPING events from decorations provider vscode.git 4919
[2021-08-17 22:51:50.730] [exthost] [warning] [Decorations] CAPPING events from decorations provider vscode.git 4919
[2021-08-17 22:51:55.866] [exthost] [warning] [Decorations] CAPPING events from decorations provider vscode.git 4919
[2021-08-17 22:52:01.034] [exthost] [warning] [Decorations] CAPPING events from decorations provider vscode.git 4919
[2021-08-17 22:52:06.711] [exthost] [warning] [Decorations] CAPPING events from decorations provider vscode.git 4919
[2021-08-17 22:52:11.838] [exthost] [warning] [Decorations] CAPPING events from decorations provider vscode.git 4919
[2021-08-17 22:52:17.007] [exthost] [warning] [Decorations] CAPPING events from decorations provider vscode.git 4919
[2021-08-17 22:52:22.136] [exthost] [warning] [Decorations] CAPPING events from decorations provider vscode.git 4919
[2021-08-17 22:52:27.270] [exthost] [warning] [Decorations] CAPPING events from decorations provider vscode.git 4919
[2021-08-17 22:52:34.048] [exthost] [warning] [Decorations] CAPPING events from decorations provider vscode.git 4919
[2021-08-17 22:52:39.181] [exthost] [warning] [Decorations] CAPPING events from decorations provider vscode.git 4919
[2021-08-17 22:52:54.870] [exthost] [warning] [Decorations] CAPPING events from decorations provider vscode.git 4919
[2021-08-17 22:52:59.990] [exthost] [warning] [Decorations] CAPPING events from decorations provider vscode.git 4919
[2021-08-17 22:53:06.833] [exthost] [warning] [Decorations] CAPPING events from decorations provider vscode.git 4919
[2021-08-17 22:53:11.967] [exthost] [warning] [Decorations] CAPPING events from decorations provider vscode.git 4919
[2021-08-17 22:53:17.091] [exthost] [warning] [Decorations] CAPPING events from decorations provider vscode.git 4919
[2021-08-17 22:53:22.250] [exthost] [warning] [Decorations] CAPPING events from decorations provider vscode.git 4919
[2021-08-17 22:53:27.408] [exthost] [warning] [Decorations] CAPPING events from decorations provider vscode.git 4919
[2021-08-17 22:53:32.529] [exthost] [warning] [Decorations] CAPPING events from decorations provider vscode.git 4919
[2021-08-17 22:53:38.318] [exthost] [warning] [Decorations] CAPPING events from decorations provider vscode.git 4919
[2021-08-17 22:53:43.443] [exthost] [warning] [Decorations] CAPPING events from decorations provider vscode.git 4919
[2021-08-17 22:53:48.593] [exthost] [warning] [Decorations] CAPPING events from decorations provider vscode.git 4919
[2021-08-17 22:53:53.714] [exthost] [warning] [Decorations] CAPPING events from decorations provider vscode.git 4919
[2021-08-17 22:53:58.843] [exthost] [warning] [Decorations] CAPPING events from decorations provider vscode.git 4919
[2021-08-17 22:54:03.970] [exthost] [warning] [Decorations] CAPPING events from decorations provider vscode.git 4919
[2021-08-17 22:54:09.108] [exthost] [warning] [Decorations] CAPPING events from decorations provider vscode.git 4919
[2021-08-17 22:54:11.899] [exthost] [warning] [Decorations] CAPPING events from decorations provider vscode.git 4919
[2021-08-17 22:54:14.237] [exthost] [warning] [Decorations] CAPPING events from decorations provider vscode.git 4919
[2021-08-17 22:54:19.363] [exthost] [warning] [Decorations] CAPPING events from decorations provider vscode.git 4919
[2021-08-17 22:54:24.499] [exthost] [warning] [Decorations] CAPPING events from decorations provider vscode.git 4919
[2021-08-17 22:54:30.249] [exthost] [warning] [Decorations] CAPPING events from decorations provider vscode.git 4919
[2021-08-17 22:54:36.743] [exthost] [warning] [Decorations] CAPPING events from decorations provider vscode.git 4919
[2021-08-17 22:54:41.884] [exthost] [warning] [Decorations] CAPPING events from decorations provider vscode.git 4919
[2021-08-17 22:55:37.647] [exthost] [warning] [Decorations] CAPPING events from decorations provider vscode.git 4919
[2021-08-17 22:55:42.777] [exthost] [warning] [Decorations] CAPPING events from decorations provider vscode.git 4919
[2021-08-17 22:55:47.902] [exthost] [warning] [Decorations] CAPPING events from decorations provider vscode.git 4919
[2021-08-17 22:55:53.053] [exthost] [warning] [Decorations] CAPPING events from decorations provider vscode.git 4919
[2021-08-17 22:55:58.263] [exthost] [warning] [Decorations] CAPPING events from decorations provider vscode.git 4919
[2021-08-17 22:56:03.397] [exthost] [warning] [Decorations] CAPPING events from decorations provider vscode.git 4919
[2021-08-17 22:56:08.530] [exthost] [warning] [Decorations] CAPPING events from decorations provider vscode.git 4919
[2021-08-17 22:56:13.664] [exthost] [warning] [Decorations] CAPPING events from decorations provider vscode.git 4919
[2021-08-17 22:56:18.801] [exthost] [warning] [Decorations] CAPPING events from decorations provider vscode.git 4919
[2021-08-17 22:56:23.934] [exthost] [warning] [Decorations] CAPPING events from decorations provider vscode.git 4919
[2021-08-17 22:56:29.069] [exthost] [warning] [Decorations] CAPPING events from decorations provider vscode.git 4919
[2021-08-17 22:56:34.202] [exthost] [warning] [Decorations] CAPPING events from decorations provider vscode.git 4919
[2021-08-17 22:56:40.962] [exthost] [warning] [Decorations] CAPPING events from decorations provider vscode.git 4919
[2021-08-17 22:56:46.099] [exthost] [warning] [Decorations] CAPPING events from decorations provider vscode.git 4919
[2021-08-17 22:56:51.221] [exthost] [warning] [Decorations] CAPPING events from decorations provider vscode.git 4919
[2021-08-17 22:56:56.380] [exthost] [warning] [Decorations] CAPPING events from decorations provider vscode.git 4919
[2021-08-17 22:57:01.506] [exthost] [warning] [Decorations] CAPPING events from decorations provider vscode.git 4919
[2021-08-17 22:57:07.255] [exthost] [warning] [Decorations] CAPPING events from decorations provider vscode.git 4919
[2021-08-17 22:57:12.423] [exthost] [warning] [Decorations] CAPPING events from decorations provider vscode.git 4919
[2021-08-17 22:57:16.161] [exthost] [warning] [Decorations] CAPPING events from decorations provider vscode.git 4919
[2021-08-17 22:57:21.291] [exthost] [warning] [Decorations] CAPPING events from decorations provider vscode.git 4919
[2021-08-17 22:57:26.434] [exthost] [warning] [Decorations] CAPPING events from decorations provider vscode.git 4919
[2021-08-17 22:57:32.159] [exthost] [warning] [Decorations] CAPPING events from decorations provider vscode.git 4919
[2021-08-17 22:57:37.294] [exthost] [warning] [Decorations] CAPPING events from decorations provider vscode.git 4919
[2021-08-17 22:57:43.072] [exthost] [warning] [Decorations] CAPPING events from decorations provider vscode.git 4919
[2021-08-17 22:57:48.201] [exthost] [warning] [Decorations] CAPPING events from decorations provider vscode.git 4919
[2021-08-17 22:57:53.337] [exthost] [warning] [Decorations] CAPPING events from decorations provider vscode.git 4919
[2021-08-17 22:58:19.084] [exthost] [warning] [Decorations] CAPPING events from decorations provider vscode.git 4919
[2021-08-17 22:58:24.216] [exthost] [warning] [Decorations] CAPPING events from decorations provider vscode.git 4919
[2021-08-17 22:58:29.355] [exthost] [warning] [Decorations] CAPPING events from decorations provider vscode.git 4919
[2021-08-17 22:58:39.454] [exthost] [warning] [Decorations] CAPPING events from decorations provider vscode.git 4919
[2021-08-17 22:58:44.589] [exthost] [warning] [Decorations] CAPPING events from decorations provider vscode.git 4919
[2021-08-17 22:58:49.731] [exthost] [warning] [Decorations] CAPPING events from decorations provider vscode.git 4919
[2021-08-17 22:58:54.865] [exthost] [warning] [Decorations] CAPPING events from decorations provider vscode.git 4919
[2021-08-17 22:58:59.999] [exthost] [warning] [Decorations] CAPPING events from decorations provider vscode.git 4919
[2021-08-17 22:59:05.136] [exthost] [warning] [Decorations] CAPPING events from decorations provider vscode.git 4919
[2021-08-17 22:59:10.272] [exthost] [warning] [Decorations] CAPPING events from decorations provider vscode.git 4919
[2021-08-17 22:59:15.407] [exthost] [warning] [Decorations] CAPPING events from decorations provider vscode.git 4919
[2021-08-17 22:59:20.538] [exthost] [warning] [Decorations] CAPPING events from decorations provider vscode.git 4919
[2021-08-17 22:59:25.728] [exthost] [warning] [Decorations] CAPPING events from decorations provider vscode.git 4919
[2021-08-17 23:01:28.262] [exthost] [warning] [Decorations] CAPPING events from decorations provider vscode.git 4919
[2021-08-17 23:01:30.363] [exthost] [warning] [Decorations] CAPPING events from decorations provider vscode.git 4919
[2021-08-17 23:01:33.402] [exthost] [warning] [Decorations] CAPPING events from decorations provider vscode.git 4919
[2021-08-17 23:01:39.265] [exthost] [warning] [Decorations] CAPPING events from decorations provider vscode.git 4919
[2021-08-17 23:01:44.404] [exthost] [warning] [Decorations] CAPPING events from decorations provider vscode.git 4919
[2021-08-17 23:01:59.098] [exthost] [warning] [Decorations] CAPPING events from decorations provider vscode.git 4919
[2021-08-17 23:02:04.272] [exthost] [warning] [Decorations] CAPPING events from decorations provider vscode.git 4919
[2021-08-17 23:02:09.400] [exthost] [warning] [Decorations] CAPPING events from decorations provider vscode.git 4919
[2021-08-17 23:02:14.579] [exthost] [warning] [Decorations] CAPPING events from decorations provider vscode.git 4919
[2021-08-17 23:02:19.717] [exthost] [warning] [Decorations] CAPPING events from decorations provider vscode.git 4919
[2021-08-17 23:02:34.608] [exthost] [warning] [Decorations] CAPPING events from decorations provider vscode.git 4919
[2021-08-17 23:02:39.744] [exthost] [warning] [Decorations] CAPPING events from decorations provider vscode.git 4919
[2021-08-17 23:02:44.916] [exthost] [warning] [Decorations] CAPPING events from decorations provider vscode.git 4919
[2021-08-17 23:02:50.066] [exthost] [warning] [Decorations] CAPPING events from decorations provider vscode.git 4919
[2021-08-17 23:02:55.231] [exthost] [warning] [Decorations] CAPPING events from decorations provider vscode.git 4919
[2021-08-17 23:03:00.368] [exthost] [warning] [Decorations] CAPPING events from decorations provider vscode.git 4919
[2021-08-17 23:03:05.546] [exthost] [warning] [Decorations] CAPPING events from decorations provider vscode.git 4919
[2021-08-17 23:03:19.110] [exthost] [warning] [Decorations] CAPPING events from decorations provider vscode.git 4919
[2021-08-17 23:03:24.287] [exthost] [warning] [Decorations] CAPPING events from decorations provider vscode.git 4919
[2021-08-17 23:03:29.426] [exthost] [warning] [Decorations] CAPPING events from decorations provider vscode.git 4919
[2021-08-17 23:03:31.155] [exthost] [info] ExtensionService#_doActivateExtension vscode.configuration-editing {"startup":false,"extensionId":{"value":"vscode.configuration-editing","_lower":"vscode.configuration-editing"},"activationEvent":"onLanguage:jsonc"}
[2021-08-17 23:03:31.155] [exthost] [info] ExtensionService#loadCommonJSModule file:///home/erwin/.vscode-server/bin/379476f0e13988d90fab105c5c19e7abc8b1dea8/extensions/configuration-editing/dist/configurationEditingMain
[2021-08-17 23:03:31.191] [exthost] [info] ExtensionService#_doActivateExtension vscode.json-language-features {"startup":false,"extensionId":{"value":"vscode.json-language-features","_lower":"vscode.json-language-features"},"activationEvent":"onLanguage:jsonc"}
[2021-08-17 23:03:31.191] [exthost] [info] ExtensionService#loadCommonJSModule file:///home/erwin/.vscode-server/bin/379476f0e13988d90fab105c5c19e7abc8b1dea8/extensions/json-language-features/client/dist/node/jsonClientMain
[2021-08-17 23:03:31.279] [exthost] [info] ExtensionService#_doActivateExtension vscode.typescript-language-features {"startup":false,"extensionId":{"value":"vscode.typescript-language-features","_lower":"vscode.typescript-language-features"},"activationEvent":"onLanguage:jsonc"}
[2021-08-17 23:03:31.279] [exthost] [info] ExtensionService#loadCommonJSModule file:///home/erwin/.vscode-server/bin/379476f0e13988d90fab105c5c19e7abc8b1dea8/extensions/typescript-language-features/dist/extension
[2021-08-17 23:03:34.570] [exthost] [warning] [Decorations] CAPPING events from decorations provider vscode.git 4919
[2021-08-17 23:03:40.451] [exthost] [warning] [Decorations] CAPPING events from decorations provider vscode.git 4919
[2021-08-17 23:04:04.114] [exthost] [warning] [Decorations] CAPPING events from decorations provider vscode.git 4919
[2021-08-17 23:04:09.258] [exthost] [warning] [Decorations] CAPPING events from decorations provider vscode.git 4919
[2021-08-17 23:04:15.085] [exthost] [warning] [Decorations] CAPPING events from decorations provider vscode.git 4919
[2021-08-17 23:05:50.800] [exthost] [warning] [Decorations] CAPPING events from decorations provider vscode.git 4919
[2021-08-17 23:05:52.904] [exthost] [warning] [Decorations] CAPPING events from decorations provider vscode.git 4919
[2021-08-17 23:05:55.931] [exthost] [warning] [Decorations] CAPPING events from decorations provider vscode.git 4919
[2021-08-17 23:06:01.341] [exthost] [warning] [Decorations] CAPPING events from decorations provider vscode.git 4919
[2021-08-17 23:06:06.495] [exthost] [warning] [Decorations] CAPPING events from decorations provider vscode.git 4919
[2021-08-17 23:06:14.661] [exthost] [warning] [Decorations] CAPPING events from decorations provider vscode.git 4919
[2021-08-17 23:06:19.794] [exthost] [warning] [Decorations] CAPPING events from decorations provider vscode.git 4919
[2021-08-17 23:06:25.633] [exthost] [warning] [Decorations] CAPPING events from decorations provider vscode.git 4919
[2021-08-17 23:06:30.810] [exthost] [warning] [Decorations] CAPPING events from decorations provider vscode.git 4919
[2021-08-17 23:06:35.945] [exthost] [warning] [Decorations] CAPPING events from decorations provider vscode.git 4919
[2021-08-17 23:06:41.270] [exthost] [warning] [Decorations] CAPPING events from decorations provider vscode.git 4919
[2021-08-17 23:07:26.698] [exthost] [warning] [Decorations] CAPPING events from decorations provider vscode.git 4919
[2021-08-17 23:07:31.873] [exthost] [warning] [Decorations] CAPPING events from decorations provider vscode.git 4919
[2021-08-17 23:09:36.860] [exthost] [warning] [Decorations] CAPPING events from decorations provider vscode.git 4919
[2021-08-17 23:09:38.922] [exthost] [warning] [Decorations] CAPPING events from decorations provider vscode.git 4919
[2021-08-17 23:09:41.999] [exthost] [warning] [Decorations] CAPPING events from decorations provider vscode.git 4919
[2021-08-17 23:09:47.188] [exthost] [warning] [Decorations] CAPPING events from decorations provider vscode.git 4919
[2021-08-17 23:09:52.333] [exthost] [warning] [Decorations] CAPPING events from decorations provider vscode.git 4919
[2021-08-17 23:09:57.523] [exthost] [warning] [Decorations] CAPPING events from decorations provider vscode.git 4919
[2021-08-17 23:10:02.662] [exthost] [warning] [Decorations] CAPPING events from decorations provider vscode.git 4919
[2021-08-17 23:10:07.840] [exthost] [warning] [Decorations] CAPPING events from decorations provider vscode.git 4919
[2021-08-17 23:10:12.980] [exthost] [warning] [Decorations] CAPPING events from decorations provider vscode.git 4919
[2021-08-17 23:10:19.955] [exthost] [warning] [Decorations] CAPPING events from decorations provider vscode.git 4919
[2021-08-17 23:10:25.101] [exthost] [warning] [Decorations] CAPPING events from decorations provider vscode.git 4919
[2021-08-17 23:10:30.282] [exthost] [warning] [Decorations] CAPPING events from decorations provider vscode.git 4919
[2021-08-17 23:10:35.422] [exthost] [warning] [Decorations] CAPPING events from decorations provider vscode.git 4919
[2021-08-17 23:10:40.601] [exthost] [warning] [Decorations] CAPPING events from decorations provider vscode.git 4919
[2021-08-17 23:10:45.736] [exthost] [warning] [Decorations] CAPPING events from decorations provider vscode.git 4919
[2021-08-17 23:10:50.920] [exthost] [warning] [Decorations] CAPPING events from decorations provider vscode.git 4919
[2021-08-17 23:10:56.053] [exthost] [warning] [Decorations] CAPPING events from decorations provider vscode.git 4919
[2021-08-17 23:11:01.312] [exthost] [warning] [Decorations] CAPPING events from decorations provider vscode.git 4919
[2021-08-17 23:11:06.448] [exthost] [warning] [Decorations] CAPPING events from decorations provider vscode.git 4919
[2021-08-17 23:11:11.587] [exthost] [warning] [Decorations] CAPPING events from decorations provider vscode.git 4920
[2021-08-17 23:11:16.724] [exthost] [warning] [Decorations] CAPPING events from decorations provider vscode.git 4920
[2021-08-17 23:11:21.912] [exthost] [warning] [Decorations] CAPPING events from decorations provider vscode.git 4920
[2021-08-17 23:11:27.042] [exthost] [warning] [Decorations] CAPPING events from decorations provider vscode.git 4920
[2021-08-17 23:11:32.234] [exthost] [warning] [Decorations] CAPPING events from decorations provider vscode.git 4920
[2021-08-17 23:11:37.375] [exthost] [warning] [Decorations] CAPPING events from decorations provider vscode.git 4920
[2021-08-17 23:11:42.562] [exthost] [warning] [Decorations] CAPPING events from decorations provider vscode.git 4920
[2021-08-17 23:11:47.704] [exthost] [warning] [Decorations] CAPPING events from decorations provider vscode.git 4920
[2021-08-17 23:11:52.884] [exthost] [warning] [Decorations] CAPPING events from decorations provider vscode.git 4920
[2021-08-17 23:12:37.485] [exthost] [warning] [Decorations] CAPPING events from decorations provider vscode.git 4920
[2021-08-17 23:12:39.911] [exthost] [warning] [Decorations] CAPPING events from decorations provider vscode.git 4920
[2021-08-17 23:12:50.042] [exthost] [warning] [Decorations] CAPPING events from decorations provider vscode.git 4920
[2021-08-17 23:12:55.172] [exthost] [warning] [Decorations] CAPPING events from decorations provider vscode.git 4920
[2021-08-17 23:14:35.293] [exthost] [warning] [Decorations] CAPPING events from decorations provider vscode.git 4920
[2021-08-17 23:15:46.291] [exthost] [warning] [Decorations] CAPPING events from decorations provider vscode.git 4920
[2021-08-17 23:15:48.377] [exthost] [warning] [Decorations] CAPPING events from decorations provider vscode.git 4920
[2021-08-17 23:15:51.479] [exthost] [warning] [Decorations] CAPPING events from decorations provider vscode.git 4920
[2021-08-17 23:15:56.613] [exthost] [warning] [Decorations] CAPPING events from decorations provider vscode.git 4920
[2021-08-17 23:16:01.795] [exthost] [warning] [Decorations] CAPPING events from decorations provider vscode.git 4920
[2021-08-17 23:16:03.616] [exthost] [warning] [Decorations] CAPPING events from decorations provider vscode.git 4920
