Compiling Sass/Scss Files: 
/home/erwin/kominfo/homework2/style.scss
--------------------
Generated :
/home/erwin/kominfo/homework2/style.css
/home/erwin/kominfo/homework2/style.css.map
--------------------
Watching...
--------------------
Change Detected...
style.scss
--------------------
Generated :
/home/erwin/kominfo/homework2/style.css
/home/erwin/kominfo/homework2/style.css.map
--------------------
Watching...
--------------------
Change Detected...
style.scss
--------------------
Generated :
/home/erwin/kominfo/homework2/style.css
/home/erwin/kominfo/homework2/style.css.map
--------------------
Watching...
--------------------
Change Detected...
style.scss
--------------------
Generated :
/home/erwin/kominfo/homework2/style.css
/home/erwin/kominfo/homework2/style.css.map
--------------------
Watching...
--------------------
Change Detected...
style.scss
--------------------
Generated :
/home/erwin/kominfo/homework2/style.css
/home/erwin/kominfo/homework2/style.css.map
--------------------
Watching...
--------------------
Change Detected...
style.scss
--------------------
Generated :
/home/erwin/kominfo/homework2/style.css
/home/erwin/kominfo/homework2/style.css.map
--------------------
Watching...
--------------------
Change Detected...
style.scss
--------------------
Generated :
/home/erwin/kominfo/homework2/style.css
/home/erwin/kominfo/homework2/style.css.map
--------------------
Watching...
--------------------
Not Watching...
--------------------
Compiling Sass/Scss Files: 
/home/erwin/kominfo/homework2/style.scss
--------------------
Generated :
/home/erwin/kominfo/homework2/style.css
/home/erwin/kominfo/homework2/style.css.map
--------------------
Watching...
--------------------
Change Detected...
style.scss
--------------------
Generated :
/home/erwin/kominfo/homework2/style.css
/home/erwin/kominfo/homework2/style.css.map
--------------------
Watching...
--------------------
Change Detected...
style.scss
--------------------
Generated :
/home/erwin/kominfo/homework2/style.css
/home/erwin/kominfo/homework2/style.css.map
--------------------
Watching...
--------------------
Change Detected...
style.scss
--------------------
Compilation Error
Error: property "margin" must be followed by a ':'
        on line 16 of sass/home/erwin/kominfo/homework2/style.scss
>>   margin left: 10px;

   --^

--------------------
Watching...
--------------------
Change Detected...
style.scss
--------------------
Generated :
/home/erwin/kominfo/homework2/style.css
/home/erwin/kominfo/homework2/style.css.map
--------------------
Watching...
--------------------
Not Watching...
--------------------
Compiling Sass/Scss Files: 
/home/erwin/kominfo/homework2/style.scss
--------------------
Generated :
/home/erwin/kominfo/homework2/style.css
/home/erwin/kominfo/homework2/style.css.map
--------------------
Watching...
--------------------
Not Watching...
--------------------
Compiling Sass/Scss Files: 
/home/erwin/kominfo/homework2/style.scss
--------------------
Generated :
/home/erwin/kominfo/homework2/style.css
/home/erwin/kominfo/homework2/style.css.map
--------------------
Watching...
--------------------
Not Watching...
--------------------
Compiling Sass/Scss Files: 
/home/erwin/kominfo/homework2/style.scss
--------------------
Generated :
/home/erwin/kominfo/homework2/style.css
/home/erwin/kominfo/homework2/style.css.map
--------------------
Watching...
--------------------
Change Detected...
style.scss
--------------------
Generated :
/home/erwin/kominfo/homework2/style.css
/home/erwin/kominfo/homework2/style.css.map
--------------------
Watching...
--------------------
Change Detected...
style.scss
--------------------
Generated :
/home/erwin/kominfo/homework2/style.css
/home/erwin/kominfo/homework2/style.css.map
--------------------
Watching...
--------------------
Change Detected...
style.scss
--------------------
Generated :
/home/erwin/kominfo/homework2/style.css
/home/erwin/kominfo/homework2/style.css.map
--------------------
Watching...
--------------------
Not Watching...
--------------------
Compiling Sass/Scss Files: 
/home/erwin/kominfo/homework2/style.scss
--------------------
Generated :
/home/erwin/kominfo/homework2/style.css
/home/erwin/kominfo/homework2/style.css.map
--------------------
Watching...
--------------------
Change Detected...
style.scss
--------------------
Generated :
/home/erwin/kominfo/homework2/style.css
/home/erwin/kominfo/homework2/style.css.map
--------------------
Watching...
--------------------
Change Detected...
style.scss
--------------------
Generated :
/home/erwin/kominfo/homework2/style.css
/home/erwin/kominfo/homework2/style.css.map
--------------------
Watching...
--------------------
